<?xml version="1.0" encoding="UTF-8"?>
<coverage generated="1539857961789" clover="3.2.0">
  <project timestamp="1539857961789" name="All files">
    <metrics statements="131" coveredstatements="127" conditionals="116" coveredconditionals="86" methods="52" coveredmethods="47" elements="299" coveredelements="260" complexity="0" loc="131" ncloc="131" packages="2" files="5" classes="5">
      <package name="MathLib">
        <metrics statements="2" coveredstatements="2" conditionals="0" coveredconditionals="0" methods="0" coveredmethods="0"/>
        <file name="index.js" path="/Users/Bacon/MathLib/index.js">
          <metrics statements="2" coveredstatements="2" conditionals="0" coveredconditionals="0" methods="0" coveredmethods="0"/>
          <line num="1" count="1" type="stmt"/>
          <line num="3" count="1" type="stmt"/>
        </file>
      </package>
      <package name="MathLib.lib">
        <metrics statements="129" coveredstatements="125" conditionals="116" coveredconditionals="86" methods="52" coveredmethods="47"/>
        <file name="calculate.js" path="/Users/Bacon/MathLib/lib/calculate.js">
          <metrics statements="50" coveredstatements="48" conditionals="47" coveredconditionals="39" methods="29" coveredmethods="27"/>
          <line num="3" count="1" type="stmt"/>
          <line num="6" count="1" type="stmt"/>
          <line num="8" count="1" type="stmt"/>
          <line num="10" count="2" type="cond" truecount="1" falsecount="2"/>
          <line num="12" count="0" type="stmt"/>
          <line num="14" count="0" type="cond" truecount="0" falsecount="4"/>
          <line num="16" count="4" type="cond" truecount="1" falsecount="1"/>
          <line num="18" count="1" type="stmt"/>
          <line num="19" count="2" type="cond" truecount="4" falsecount="0"/>
          <line num="22" count="1" type="stmt"/>
          <line num="23" count="5" type="cond" truecount="4" falsecount="0"/>
          <line num="26" count="1" type="stmt"/>
          <line num="27" count="5" type="cond" truecount="4" falsecount="0"/>
          <line num="30" count="1" type="stmt"/>
          <line num="31" count="8" type="cond" truecount="5" falsecount="0"/>
          <line num="34" count="1" type="stmt"/>
          <line num="35" count="8" type="cond" truecount="2" falsecount="0"/>
          <line num="38" count="1" type="stmt"/>
          <line num="39" count="2" type="cond" truecount="4" falsecount="0"/>
          <line num="42" count="1" type="stmt"/>
          <line num="43" count="7" type="cond" truecount="5" falsecount="0"/>
          <line num="44" count="3" type="stmt"/>
          <line num="46" count="3" type="stmt"/>
          <line num="47" count="3" type="stmt"/>
          <line num="48" count="3" type="stmt"/>
          <line num="55" count="1" type="stmt"/>
          <line num="56" count="4" type="stmt"/>
          <line num="57" count="4" type="cond" truecount="2" falsecount="0"/>
          <line num="58" count="4" type="stmt"/>
          <line num="61" count="4" type="stmt"/>
          <line num="65" count="1" type="stmt"/>
          <line num="66" count="2" type="cond" truecount="3" falsecount="1"/>
          <line num="67" count="2" type="stmt"/>
          <line num="69" count="2" type="stmt"/>
          <line num="73" count="1" type="stmt"/>
          <line num="74" count="3" type="stmt"/>
          <line num="75" count="3" type="stmt"/>
          <line num="77" count="3" type="stmt"/>
          <line num="78" count="3" type="stmt"/>
          <line num="79" count="3" type="stmt"/>
          <line num="86" count="1" type="stmt"/>
          <line num="87" count="2" type="stmt"/>
          <line num="88" count="2" type="cond" truecount="2" falsecount="0"/>
          <line num="90" count="2" type="stmt"/>
          <line num="94" count="1" type="stmt"/>
          <line num="95" count="2" type="stmt"/>
          <line num="96" count="2" type="cond" truecount="2" falsecount="0"/>
          <line num="98" count="2" type="stmt"/>
          <line num="102" count="1" type="stmt"/>
          <line num="116" count="1" type="stmt"/>
        </file>
        <file name="display.js" path="/Users/Bacon/MathLib/lib/display.js">
          <metrics statements="46" coveredstatements="44" conditionals="53" coveredconditionals="35" methods="9" coveredmethods="7"/>
          <line num="3" count="1" type="stmt"/>
          <line num="6" count="1" type="stmt"/>
          <line num="8" count="1" type="stmt"/>
          <line num="10" count="1" type="stmt"/>
          <line num="12" count="1" type="cond" truecount="3" falsecount="1"/>
          <line num="14" count="11" type="cond" truecount="1" falsecount="2"/>
          <line num="16" count="0" type="stmt"/>
          <line num="18" count="0" type="cond" truecount="0" falsecount="10"/>
          <line num="20" count="11" type="cond" truecount="1" falsecount="1"/>
          <line num="22" count="1" type="stmt"/>
          <line num="24" count="1" type="stmt"/>
          <line num="25" count="11" type="cond" truecount="4" falsecount="0"/>
          <line num="26" count="11" type="cond" truecount="4" falsecount="0"/>
          <line num="28" count="11" type="cond" truecount="1" falsecount="1"/>
          <line num="31" count="33" type="stmt"/>
          <line num="33" count="11" type="stmt"/>
          <line num="34" count="11" type="stmt"/>
          <line num="35" count="11" type="stmt"/>
          <line num="36" count="11" type="stmt"/>
          <line num="38" count="11" type="stmt"/>
          <line num="40" count="11" type="cond" truecount="2" falsecount="0"/>
          <line num="41" count="10" type="cond" truecount="2" falsecount="0"/>
          <line num="42" count="7" type="cond" truecount="2" falsecount="0"/>
          <line num="43" count="4" type="stmt"/>
          <line num="44" count="3" type="cond" truecount="2" falsecount="0"/>
          <line num="45" count="2" type="stmt"/>
          <line num="46" count="2" type="cond" truecount="1" falsecount="1"/>
          <line num="48" count="1" type="stmt"/>
          <line num="50" count="1" type="cond" truecount="1" falsecount="1"/>
          <line num="53" count="3" type="stmt"/>
          <line num="56" count="1" type="stmt"/>
          <line num="60" count="1" type="stmt"/>
          <line num="61" count="3" type="cond" truecount="4" falsecount="0"/>
          <line num="62" count="3" type="stmt"/>
          <line num="64" count="3" type="cond" truecount="2" falsecount="0"/>
          <line num="65" count="2" type="stmt"/>
          <line num="66" count="2" type="stmt"/>
          <line num="67" count="2" type="stmt"/>
          <line num="68" count="20" type="stmt"/>
          <line num="70" count="20" type="cond" truecount="4" falsecount="0"/>
          <line num="71" count="6" type="stmt"/>
          <line num="74" count="20" type="stmt"/>
          <line num="76" count="2" type="cond" truecount="1" falsecount="1"/>
          <line num="78" count="1" type="stmt"/>
          <line num="82" count="1" type="stmt"/>
          <line num="86" count="1" type="stmt"/>
        </file>
        <file name="index.js" path="/Users/Bacon/MathLib/lib/index.js">
          <metrics statements="10" coveredstatements="10" conditionals="10" coveredconditionals="6" methods="5" coveredmethods="4"/>
          <line num="3" count="1" type="stmt"/>
          <line num="6" count="1" type="stmt"/>
          <line num="8" count="1" type="stmt"/>
          <line num="10" count="1" type="stmt"/>
          <line num="12" count="1" type="stmt"/>
          <line num="14" count="2" type="cond" truecount="3" falsecount="1"/>
          <line num="16" count="18" type="cond" truecount="2" falsecount="2"/>
          <line num="18" count="18" type="cond" truecount="1" falsecount="1"/>
          <line num="20" count="1" type="stmt"/>
          <line num="27" count="1" type="stmt"/>
        </file>
        <file name="lib.js" path="/Users/Bacon/MathLib/lib/lib.js">
          <metrics statements="23" coveredstatements="23" conditionals="6" coveredconditionals="6" methods="9" coveredmethods="9"/>
          <line num="3" count="1" type="stmt"/>
          <line num="6" count="1" type="stmt"/>
          <line num="8" count="1" type="stmt"/>
          <line num="9" count="16" type="stmt"/>
          <line num="10" count="32" type="stmt"/>
          <line num="13" count="16" type="stmt"/>
          <line num="14" count="16" type="stmt"/>
          <line num="15" count="32" type="stmt"/>
          <line num="20" count="1" type="stmt"/>
          <line num="22" count="1" type="stmt"/>
          <line num="23" count="257" type="cond" truecount="2" falsecount="0"/>
          <line num="26" count="1" type="stmt"/>
          <line num="28" count="1" type="stmt"/>
          <line num="29" count="113" type="cond" truecount="2" falsecount="0"/>
          <line num="32" count="1" type="stmt"/>
          <line num="34" count="1" type="stmt"/>
          <line num="35" count="3" type="stmt"/>
          <line num="38" count="1" type="stmt"/>
          <line num="40" count="1" type="stmt"/>
          <line num="41" count="10" type="cond" truecount="2" falsecount="0"/>
          <line num="42" count="31" type="stmt"/>
          <line num="44" count="12" type="stmt"/>
          <line num="48" count="1" type="stmt"/>
        </file>
      </package>
    </metrics>
  </project>
</coverage>
