<?xml version="1.0" encoding="UTF-8"?>
<coverage generated="1541569513221" clover="3.2.0">
  <project timestamp="1541569513221" name="All files">
    <metrics statements="195" coveredstatements="188" conditionals="133" coveredconditionals="102" methods="67" coveredmethods="63" elements="395" coveredelements="353" complexity="0" loc="195" ncloc="195" packages="2" files="6" classes="6">
      <package name="MathLib">
        <metrics statements="2" coveredstatements="2" conditionals="0" coveredconditionals="0" methods="0" coveredmethods="0"/>
        <file name="index.js" path="/Users/Bacon/MathLib/index.js">
          <metrics statements="2" coveredstatements="2" conditionals="0" coveredconditionals="0" methods="0" coveredmethods="0"/>
          <line num="1" count="1" type="stmt"/>
          <line num="3" count="1" type="stmt"/>
        </file>
      </package>
      <package name="MathLib.lib">
        <metrics statements="193" coveredstatements="186" conditionals="133" coveredconditionals="102" methods="67" coveredmethods="63"/>
        <file name="calculate.js" path="/Users/Bacon/MathLib/lib/calculate.js">
          <metrics statements="67" coveredstatements="65" conditionals="43" coveredconditionals="25" methods="40" coveredmethods="38"/>
          <line num="3" count="1" type="stmt"/>
          <line num="6" count="1" type="stmt"/>
          <line num="8" count="1" type="stmt"/>
          <line num="12" count="12" type="cond" truecount="1" falsecount="2"/>
          <line num="14" count="0" type="stmt"/>
          <line num="16" count="0" type="cond" truecount="0" falsecount="4"/>
          <line num="18" count="40" type="cond" truecount="1" falsecount="1"/>
          <line num="20" count="1" type="cond" truecount="1" falsecount="1"/>
          <line num="22" count="12" type="cond" truecount="3" falsecount="1"/>
          <line num="24" count="1" type="cond" truecount="2" falsecount="2"/>
          <line num="26" count="48" type="cond" truecount="7" falsecount="7"/>
          <line num="28" count="1" type="stmt"/>
          <line num="29" count="8" type="stmt"/>
          <line num="30" count="8" type="stmt"/>
          <line num="35" count="73" type="stmt"/>
          <line num="36" count="139" type="stmt"/>
          <line num="39" count="73" type="cond" truecount="2" falsecount="0"/>
          <line num="40" count="138" type="stmt"/>
          <line num="42" count="6" type="stmt"/>
          <line num="45" count="67" type="stmt"/>
          <line num="50" count="1" type="stmt"/>
          <line num="51" count="3" type="stmt"/>
          <line num="52" count="3" type="stmt"/>
          <line num="57" count="28" type="stmt"/>
          <line num="58" count="56" type="stmt"/>
          <line num="61" count="28" type="cond" truecount="4" falsecount="0"/>
          <line num="62" count="6" type="stmt"/>
          <line num="65" count="22" type="stmt"/>
          <line num="70" count="1" type="stmt"/>
          <line num="71" count="4" type="stmt"/>
          <line num="72" count="4" type="stmt"/>
          <line num="77" count="20" type="stmt"/>
          <line num="78" count="20" type="stmt"/>
          <line num="81" count="20" type="cond" truecount="4" falsecount="0"/>
          <line num="82" count="22" type="stmt"/>
          <line num="84" count="6" type="stmt"/>
          <line num="87" count="14" type="stmt"/>
          <line num="92" count="1" type="stmt"/>
          <line num="96" count="1" type="stmt"/>
          <line num="99" count="1" type="stmt"/>
          <line num="102" count="1" type="stmt"/>
          <line num="107" count="20" type="stmt"/>
          <line num="112" count="19" type="stmt"/>
          <line num="117" count="19" type="stmt"/>
          <line num="122" count="4" type="stmt"/>
          <line num="127" count="1" type="stmt"/>
          <line num="132" count="2" type="stmt"/>
          <line num="133" count="2" type="stmt"/>
          <line num="135" count="2" type="stmt"/>
          <line num="136" count="2" type="stmt"/>
          <line num="137" count="2" type="stmt"/>
          <line num="146" count="1" type="stmt"/>
          <line num="147" count="1" type="stmt"/>
          <line num="149" count="1" type="stmt"/>
          <line num="150" count="1" type="stmt"/>
          <line num="151" count="1" type="stmt"/>
          <line num="160" count="1" type="stmt"/>
          <line num="161" count="2" type="stmt"/>
          <line num="167" count="1" type="stmt"/>
          <line num="168" count="1" type="stmt"/>
          <line num="170" count="1" type="stmt"/>
          <line num="171" count="2" type="stmt"/>
          <line num="178" count="6" type="stmt"/>
          <line num="183" count="6" type="stmt"/>
          <line num="187" count="1" type="stmt"/>
          <line num="190" count="1" type="stmt"/>
          <line num="192" count="1" type="stmt"/>
        </file>
        <file name="display.js" path="/Users/Bacon/MathLib/lib/display.js">
          <metrics statements="54" coveredstatements="49" conditionals="50" coveredconditionals="42" methods="10" coveredmethods="9"/>
          <line num="3" count="1" type="stmt"/>
          <line num="6" count="1" type="stmt"/>
          <line num="8" count="1" type="stmt"/>
          <line num="10" count="1" type="stmt"/>
          <line num="12" count="1" type="cond" truecount="3" falsecount="1"/>
          <line num="14" count="1" type="stmt"/>
          <line num="38" count="1" type="stmt"/>
          <line num="43" count="1" type="stmt"/>
          <line num="49" count="1" type="stmt"/>
          <line num="50" count="14" type="cond" truecount="1" falsecount="1"/>
          <line num="51" count="0" type="cond" truecount="0" falsecount="2"/>
          <line num="54" count="0" type="cond" truecount="0" falsecount="2"/>
          <line num="57" count="14" type="stmt"/>
          <line num="60" count="39" type="stmt"/>
          <line num="65" count="1" type="stmt"/>
          <line num="66" count="8" type="stmt"/>
          <line num="67" count="11" type="stmt"/>
          <line num="78" count="1" type="stmt"/>
          <line num="79" count="14" type="cond" truecount="4" falsecount="0"/>
          <line num="80" count="14" type="cond" truecount="4" falsecount="0"/>
          <line num="81" count="14" type="cond" truecount="4" falsecount="0"/>
          <line num="82" count="14" type="cond" truecount="2" falsecount="0"/>
          <line num="83" count="14" type="stmt"/>
          <line num="84" count="14" type="stmt"/>
          <line num="86" count="14" type="cond" truecount="2" falsecount="0"/>
          <line num="87" count="13" type="cond" truecount="2" falsecount="0"/>
          <line num="88" count="10" type="stmt"/>
          <line num="89" count="13" type="stmt"/>
          <line num="91" count="10" type="cond" truecount="2" falsecount="0"/>
          <line num="92" count="10" type="cond" truecount="2" falsecount="0"/>
          <line num="93" count="10" type="cond" truecount="2" falsecount="0"/>
          <line num="95" count="10" type="stmt"/>
          <line num="97" count="10" type="cond" truecount="3" falsecount="1"/>
          <line num="98" count="0" type="stmt"/>
          <line num="99" count="0" type="stmt"/>
          <line num="100" count="0" type="stmt"/>
          <line num="102" count="10" type="stmt"/>
          <line num="105" count="3" type="stmt"/>
          <line num="108" count="1" type="stmt"/>
          <line num="112" count="1" type="stmt"/>
          <line num="113" count="3" type="cond" truecount="4" falsecount="0"/>
          <line num="114" count="3" type="stmt"/>
          <line num="116" count="3" type="cond" truecount="2" falsecount="0"/>
          <line num="117" count="2" type="stmt"/>
          <line num="118" count="2" type="stmt"/>
          <line num="119" count="2" type="stmt"/>
          <line num="120" count="20" type="stmt"/>
          <line num="122" count="20" type="cond" truecount="4" falsecount="0"/>
          <line num="123" count="6" type="stmt"/>
          <line num="126" count="20" type="stmt"/>
          <line num="128" count="2" type="cond" truecount="1" falsecount="1"/>
          <line num="130" count="1" type="stmt"/>
          <line num="134" count="1" type="stmt"/>
          <line num="138" count="1" type="stmt"/>
        </file>
        <file name="index.js" path="/Users/Bacon/MathLib/lib/index.js">
          <metrics statements="11" coveredstatements="11" conditionals="10" coveredconditionals="6" methods="5" coveredmethods="4"/>
          <line num="3" count="1" type="stmt"/>
          <line num="6" count="1" type="stmt"/>
          <line num="8" count="1" type="stmt"/>
          <line num="10" count="1" type="stmt"/>
          <line num="12" count="1" type="stmt"/>
          <line num="14" count="1" type="stmt"/>
          <line num="16" count="3" type="cond" truecount="3" falsecount="1"/>
          <line num="18" count="8" type="cond" truecount="2" falsecount="2"/>
          <line num="20" count="8" type="cond" truecount="1" falsecount="1"/>
          <line num="22" count="1" type="stmt"/>
          <line num="43" count="1" type="stmt"/>
        </file>
        <file name="lib.js" path="/Users/Bacon/MathLib/lib/lib.js">
          <metrics statements="23" coveredstatements="23" conditionals="6" coveredconditionals="6" methods="9" coveredmethods="9"/>
          <line num="3" count="1" type="stmt"/>
          <line num="6" count="1" type="stmt"/>
          <line num="8" count="1" type="stmt"/>
          <line num="9" count="4" type="stmt"/>
          <line num="10" count="8" type="stmt"/>
          <line num="13" count="4" type="stmt"/>
          <line num="14" count="4" type="stmt"/>
          <line num="15" count="8" type="stmt"/>
          <line num="20" count="1" type="stmt"/>
          <line num="22" count="1" type="stmt"/>
          <line num="23" count="741" type="cond" truecount="2" falsecount="0"/>
          <line num="26" count="1" type="stmt"/>
          <line num="28" count="1" type="stmt"/>
          <line num="29" count="325" type="cond" truecount="2" falsecount="0"/>
          <line num="32" count="1" type="stmt"/>
          <line num="34" count="1" type="stmt"/>
          <line num="35" count="4" type="stmt"/>
          <line num="38" count="1" type="stmt"/>
          <line num="40" count="1" type="stmt"/>
          <line num="41" count="22" type="cond" truecount="2" falsecount="0"/>
          <line num="42" count="84" type="stmt"/>
          <line num="44" count="66" type="stmt"/>
          <line num="48" count="1" type="stmt"/>
        </file>
        <file name="special.js" path="/Users/Bacon/MathLib/lib/special.js">
          <metrics statements="38" coveredstatements="38" conditionals="24" coveredconditionals="23" methods="3" coveredmethods="3"/>
          <line num="3" count="1" type="stmt"/>
          <line num="6" count="1" type="stmt"/>
          <line num="8" count="1" type="stmt"/>
          <line num="10" count="1" type="stmt"/>
          <line num="12" count="1" type="cond" truecount="3" falsecount="1"/>
          <line num="14" count="1" type="stmt"/>
          <line num="15" count="1" type="stmt"/>
          <line num="16" count="1" type="stmt"/>
          <line num="17" count="1" type="stmt"/>
          <line num="18" count="1" type="stmt"/>
          <line num="23" count="1" type="stmt"/>
          <line num="25" count="6" type="stmt"/>
          <line num="26" count="6" type="stmt"/>
          <line num="27" count="6" type="stmt"/>
          <line num="29" count="6" type="cond" truecount="4" falsecount="0"/>
          <line num="30" count="5" type="stmt"/>
          <line num="31" count="5" type="stmt"/>
          <line num="36" count="1" type="stmt"/>
          <line num="47" count="1" type="stmt"/>
          <line num="49" count="19" type="cond" truecount="4" falsecount="0"/>
          <line num="50" count="19" type="stmt"/>
          <line num="51" count="19" type="stmt"/>
          <line num="53" count="19" type="cond" truecount="2" falsecount="0"/>
          <line num="54" count="1" type="stmt"/>
          <line num="55" count="18" type="cond" truecount="2" falsecount="0"/>
          <line num="56" count="3" type="stmt"/>
          <line num="57" count="15" type="cond" truecount="2" falsecount="0"/>
          <line num="58" count="3" type="stmt"/>
          <line num="59" count="12" type="cond" truecount="2" falsecount="0"/>
          <line num="60" count="2" type="stmt"/>
          <line num="61" count="10" type="cond" truecount="2" falsecount="0"/>
          <line num="62" count="3" type="stmt"/>
          <line num="63" count="7" type="cond" truecount="2" falsecount="0"/>
          <line num="64" count="3" type="stmt"/>
          <line num="66" count="4" type="stmt"/>
          <line num="70" count="1" type="stmt"/>
          <line num="74" count="1" type="stmt"/>
          <line num="75" count="1" type="stmt"/>
        </file>
      </package>
    </metrics>
  </project>
</coverage>
