{
  "/Users/Bacon/MathLib/index.js": {
    "path": "/Users/Bacon/MathLib/index.js",
    "statementMap": {
      "0": {
        "start": { "line": 1, "column": 16 },
        "end": { "line": 1, "column": 38 }
      },
      "1": {
        "start": { "line": 3, "column": 0 },
        "end": { "line": 3, "column": 25 }
      }
    },
    "fnMap": {},
    "branchMap": {},
    "s": { "0": 1, "1": 1 },
    "f": {},
    "b": {},
    "_coverageSchema": "332fd63041d2c1bcb487cc26dd0d5f7d97098a6c",
    "hash": "7bd1ba6544bb151f9323cbc5ee6cc0debca5ebc5"
  },
  "/Users/Bacon/MathLib/lib/calculate.js": {
    "path": "/Users/Bacon/MathLib/lib/calculate.js",
    "statementMap": {
      "0": {
        "start": { "line": 3, "column": 0 },
        "end": { "line": 5, "column": 3 }
      },
      "1": {
        "start": { "line": 6, "column": 0 },
        "end": { "line": 6, "column": 25 }
      },
      "2": {
        "start": { "line": 8, "column": 11 },
        "end": { "line": 8, "column": 27 }
      },
      "3": {
        "start": { "line": 12, "column": 35 },
        "end": { "line": 12, "column": 115 }
      },
      "4": {
        "start": { "line": 14, "column": 32 },
        "end": { "line": 14, "column": 103 }
      },
      "5": {
        "start": { "line": 16, "column": 34 },
        "end": { "line": 16, "column": 160 }
      },
      "6": {
        "start": { "line": 16, "column": 136 },
        "end": { "line": 16, "column": 160 }
      },
      "7": {
        "start": { "line": 18, "column": 35 },
        "end": { "line": 18, "column": 164 }
      },
      "8": {
        "start": { "line": 18, "column": 61 },
        "end": { "line": 18, "column": 149 }
      },
      "9": {
        "start": { "line": 18, "column": 130 },
        "end": { "line": 18, "column": 147 }
      },
      "10": {
        "start": { "line": 18, "column": 150 },
        "end": { "line": 18, "column": 162 }
      },
      "11": {
        "start": { "line": 20, "column": 50 },
        "end": { "line": 20, "column": 151 }
      },
      "12": {
        "start": { "line": 20, "column": 92 },
        "end": { "line": 20, "column": 149 }
      },
      "13": {
        "start": { "line": 22, "column": 44 },
        "end": { "line": 22, "column": 315 }
      },
      "14": {
        "start": { "line": 22, "column": 102 },
        "end": { "line": 22, "column": 110 }
      },
      "15": {
        "start": { "line": 22, "column": 112 },
        "end": { "line": 22, "column": 167 }
      },
      "16": {
        "start": { "line": 22, "column": 168 },
        "end": { "line": 22, "column": 199 }
      },
      "17": {
        "start": { "line": 22, "column": 200 },
        "end": { "line": 22, "column": 254 }
      },
      "18": {
        "start": { "line": 22, "column": 227 },
        "end": { "line": 22, "column": 254 }
      },
      "19": {
        "start": { "line": 22, "column": 255 },
        "end": { "line": 22, "column": 313 }
      },
      "20": {
        "start": { "line": 24, "column": 62 },
        "end": { "line": 24, "column": 131 }
      },
      "21": {
        "start": { "line": 24, "column": 78 },
        "end": { "line": 24, "column": 131 }
      },
      "22": {
        "start": { "line": 24, "column": 132 },
        "end": { "line": 24, "column": 193 }
      },
      "23": {
        "start": { "line": 24, "column": 149 },
        "end": { "line": 24, "column": 193 }
      },
      "24": {
        "start": { "line": 24, "column": 194 },
        "end": { "line": 24, "column": 213 }
      },
      "25": {
        "start": { "line": 26, "column": 99 },
        "end": { "line": 26, "column": 101 }
      },
      "26": {
        "start": { "line": 26, "column": 103 },
        "end": { "line": 26, "column": 192 }
      },
      "27": {
        "start": { "line": 26, "column": 160 },
        "end": { "line": 26, "column": 188 }
      },
      "28": {
        "start": { "line": 26, "column": 193 },
        "end": { "line": 26, "column": 229 }
      },
      "29": {
        "start": { "line": 26, "column": 230 },
        "end": { "line": 26, "column": 270 }
      },
      "30": {
        "start": { "line": 26, "column": 271 },
        "end": { "line": 26, "column": 337 }
      },
      "31": {
        "start": { "line": 26, "column": 314 },
        "end": { "line": 26, "column": 335 }
      },
      "32": {
        "start": { "line": 26, "column": 338 },
        "end": { "line": 26, "column": 469 }
      },
      "33": {
        "start": { "line": 26, "column": 410 },
        "end": { "line": 26, "column": 459 }
      },
      "34": {
        "start": { "line": 26, "column": 470 },
        "end": { "line": 26, "column": 620 }
      },
      "35": {
        "start": { "line": 26, "column": 516 },
        "end": { "line": 26, "column": 588 }
      },
      "36": {
        "start": { "line": 26, "column": 589 },
        "end": { "line": 26, "column": 618 }
      },
      "37": {
        "start": { "line": 26, "column": 621 },
        "end": { "line": 26, "column": 725 }
      },
      "38": {
        "start": { "line": 26, "column": 656 },
        "end": { "line": 26, "column": 710 }
      },
      "39": {
        "start": { "line": 26, "column": 711 },
        "end": { "line": 26, "column": 723 }
      },
      "40": {
        "start": { "line": 26, "column": 726 },
        "end": { "line": 26, "column": 738 }
      },
      "41": {
        "start": { "line": 28, "column": 16 },
        "end": { "line": 48, "column": 1 }
      },
      "42": {
        "start": { "line": 29, "column": 15 },
        "end": { "line": 29, "column": 31 }
      },
      "43": {
        "start": { "line": 30, "column": 2 },
        "end": { "line": 47, "column": 4 }
      },
      "44": {
        "start": { "line": 35, "column": 6 },
        "end": { "line": 37, "column": 7 }
      },
      "45": {
        "start": { "line": 36, "column": 8 },
        "end": { "line": 36, "column": 37 }
      },
      "46": {
        "start": { "line": 39, "column": 6 },
        "end": { "line": 43, "column": 7 }
      },
      "47": {
        "start": { "line": 40, "column": 8 },
        "end": { "line": 40, "column": 38 }
      },
      "48": {
        "start": { "line": 42, "column": 8 },
        "end": { "line": 42, "column": 19 }
      },
      "49": {
        "start": { "line": 45, "column": 6 },
        "end": { "line": 45, "column": 38 }
      },
      "50": {
        "start": { "line": 50, "column": 22 },
        "end": { "line": 68, "column": 1 }
      },
      "51": {
        "start": { "line": 51, "column": 16 },
        "end": { "line": 51, "column": 32 }
      },
      "52": {
        "start": { "line": 52, "column": 2 },
        "end": { "line": 67, "column": 4 }
      },
      "53": {
        "start": { "line": 57, "column": 6 },
        "end": { "line": 59, "column": 7 }
      },
      "54": {
        "start": { "line": 58, "column": 8 },
        "end": { "line": 58, "column": 39 }
      },
      "55": {
        "start": { "line": 61, "column": 6 },
        "end": { "line": 63, "column": 7 }
      },
      "56": {
        "start": { "line": 62, "column": 8 },
        "end": { "line": 62, "column": 19 }
      },
      "57": {
        "start": { "line": 65, "column": 6 },
        "end": { "line": 65, "column": 39 }
      },
      "58": {
        "start": { "line": 70, "column": 17 },
        "end": { "line": 90, "column": 1 }
      },
      "59": {
        "start": { "line": 71, "column": 16 },
        "end": { "line": 71, "column": 32 }
      },
      "60": {
        "start": { "line": 72, "column": 2 },
        "end": { "line": 89, "column": 4 }
      },
      "61": {
        "start": { "line": 77, "column": 6 },
        "end": { "line": 79, "column": 7 }
      },
      "62": {
        "start": { "line": 78, "column": 8 },
        "end": { "line": 78, "column": 39 }
      },
      "63": {
        "start": { "line": 81, "column": 6 },
        "end": { "line": 85, "column": 7 }
      },
      "64": {
        "start": { "line": 82, "column": 8 },
        "end": { "line": 82, "column": 38 }
      },
      "65": {
        "start": { "line": 84, "column": 8 },
        "end": { "line": 84, "column": 19 }
      },
      "66": {
        "start": { "line": 87, "column": 6 },
        "end": { "line": 87, "column": 39 }
      },
      "67": {
        "start": { "line": 92, "column": 17 },
        "end": { "line": 188, "column": 1816 }
      },
      "68": {
        "start": { "line": 96, "column": 4 },
        "end": { "line": 96, "column": 37 }
      },
      "69": {
        "start": { "line": 99, "column": 2 },
        "end": { "line": 185, "column": 6 }
      },
      "70": {
        "start": { "line": 102, "column": 6 },
        "end": { "line": 102, "column": 19 }
      },
      "71": {
        "start": { "line": 107, "column": 6 },
        "end": { "line": 107, "column": 19 }
      },
      "72": {
        "start": { "line": 112, "column": 6 },
        "end": { "line": 112, "column": 19 }
      },
      "73": {
        "start": { "line": 117, "column": 6 },
        "end": { "line": 117, "column": 19 }
      },
      "74": {
        "start": { "line": 122, "column": 6 },
        "end": { "line": 122, "column": 25 }
      },
      "75": {
        "start": { "line": 127, "column": 6 },
        "end": { "line": 127, "column": 26 }
      },
      "76": {
        "start": { "line": 132, "column": 6 },
        "end": { "line": 141, "column": 9 }
      },
      "77": {
        "start": { "line": 133, "column": 8 },
        "end": { "line": 133, "column": 23 }
      },
      "78": {
        "start": { "line": 135, "column": 16 },
        "end": { "line": 135, "column": 22 }
      },
      "79": {
        "start": { "line": 136, "column": 16 },
        "end": { "line": 136, "column": 22 }
      },
      "80": {
        "start": { "line": 137, "column": 8 },
        "end": { "line": 137, "column": 21 }
      },
      "81": {
        "start": { "line": 146, "column": 6 },
        "end": { "line": 155, "column": 9 }
      },
      "82": {
        "start": { "line": 147, "column": 8 },
        "end": { "line": 147, "column": 39 }
      },
      "83": {
        "start": { "line": 149, "column": 16 },
        "end": { "line": 149, "column": 23 }
      },
      "84": {
        "start": { "line": 150, "column": 16 },
        "end": { "line": 150, "column": 23 }
      },
      "85": {
        "start": { "line": 151, "column": 8 },
        "end": { "line": 151, "column": 21 }
      },
      "86": {
        "start": { "line": 160, "column": 6 },
        "end": { "line": 162, "column": 12 }
      },
      "87": {
        "start": { "line": 161, "column": 8 },
        "end": { "line": 161, "column": 46 }
      },
      "88": {
        "start": { "line": 167, "column": 6 },
        "end": { "line": 173, "column": 15 }
      },
      "89": {
        "start": { "line": 168, "column": 8 },
        "end": { "line": 168, "column": 33 }
      },
      "90": {
        "start": { "line": 170, "column": 8 },
        "end": { "line": 172, "column": 14 }
      },
      "91": {
        "start": { "line": 171, "column": 10 },
        "end": { "line": 171, "column": 48 }
      },
      "92": {
        "start": { "line": 178, "column": 6 },
        "end": { "line": 178, "column": 84 }
      },
      "93": {
        "start": { "line": 183, "column": 6 },
        "end": { "line": 183, "column": 84 }
      },
      "94": {
        "start": { "line": 187, "column": 2 },
        "end": { "line": 187, "column": 19 }
      },
      "95": {
        "start": { "line": 190, "column": 15 },
        "end": { "line": 190, "column": 30 }
      },
      "96": {
        "start": { "line": 192, "column": 0 },
        "end": { "line": 192, "column": 27 }
      }
    },
    "fnMap": {
      "0": {
        "name": "_toConsumableArray",
        "decl": {
          "start": { "line": 12, "column": 9 },
          "end": { "line": 12, "column": 27 }
        },
        "loc": {
          "start": { "line": 12, "column": 33 },
          "end": { "line": 12, "column": 117 }
        },
        "line": 12
      },
      "1": {
        "name": "_nonIterableSpread",
        "decl": {
          "start": { "line": 14, "column": 9 },
          "end": { "line": 14, "column": 27 }
        },
        "loc": {
          "start": { "line": 14, "column": 30 },
          "end": { "line": 14, "column": 105 }
        },
        "line": 14
      },
      "2": {
        "name": "_iterableToArray",
        "decl": {
          "start": { "line": 16, "column": 9 },
          "end": { "line": 16, "column": 25 }
        },
        "loc": {
          "start": { "line": 16, "column": 32 },
          "end": { "line": 16, "column": 162 }
        },
        "line": 16
      },
      "3": {
        "name": "_arrayWithoutHoles",
        "decl": {
          "start": { "line": 18, "column": 9 },
          "end": { "line": 18, "column": 27 }
        },
        "loc": {
          "start": { "line": 18, "column": 33 },
          "end": { "line": 18, "column": 166 }
        },
        "line": 18
      },
      "4": {
        "name": "_classCallCheck",
        "decl": {
          "start": { "line": 20, "column": 9 },
          "end": { "line": 20, "column": 24 }
        },
        "loc": {
          "start": { "line": 20, "column": 48 },
          "end": { "line": 20, "column": 153 }
        },
        "line": 20
      },
      "5": {
        "name": "_defineProperties",
        "decl": {
          "start": { "line": 22, "column": 9 },
          "end": { "line": 22, "column": 26 }
        },
        "loc": {
          "start": { "line": 22, "column": 42 },
          "end": { "line": 22, "column": 317 }
        },
        "line": 22
      },
      "6": {
        "name": "_createClass",
        "decl": {
          "start": { "line": 24, "column": 9 },
          "end": { "line": 24, "column": 21 }
        },
        "loc": {
          "start": { "line": 24, "column": 60 },
          "end": { "line": 24, "column": 215 }
        },
        "line": 24
      },
      "7": {
        "name": "_applyDecoratedDescriptor",
        "decl": {
          "start": { "line": 26, "column": 9 },
          "end": { "line": 26, "column": 34 }
        },
        "loc": {
          "start": { "line": 26, "column": 86 },
          "end": { "line": 26, "column": 740 }
        },
        "line": 26
      },
      "8": {
        "name": "(anonymous_8)",
        "decl": {
          "start": { "line": 26, "column": 143 },
          "end": { "line": 26, "column": 144 }
        },
        "loc": {
          "start": { "line": 26, "column": 158 },
          "end": { "line": 26, "column": 190 }
        },
        "line": 26
      },
      "9": {
        "name": "(anonymous_9)",
        "decl": {
          "start": { "line": 26, "column": 381 },
          "end": { "line": 26, "column": 382 }
        },
        "loc": {
          "start": { "line": 26, "column": 408 },
          "end": { "line": 26, "column": 461 }
        },
        "line": 26
      },
      "10": {
        "name": "checkArgs",
        "decl": {
          "start": { "line": 28, "column": 25 },
          "end": { "line": 28, "column": 34 }
        },
        "loc": {
          "start": { "line": 28, "column": 61 },
          "end": { "line": 48, "column": 1 }
        },
        "line": 28
      },
      "11": {
        "name": "value",
        "decl": {
          "start": { "line": 34, "column": 20 },
          "end": { "line": 34, "column": 25 }
        },
        "loc": {
          "start": { "line": 34, "column": 28 },
          "end": { "line": 46, "column": 5 }
        },
        "line": 34
      },
      "12": {
        "name": "(anonymous_12)",
        "decl": {
          "start": { "line": 39, "column": 29 },
          "end": { "line": 39, "column": 30 }
        },
        "loc": {
          "start": { "line": 39, "column": 42 },
          "end": { "line": 41, "column": 7 }
        },
        "line": 39
      },
      "13": {
        "name": "checkDivideArgs",
        "decl": {
          "start": { "line": 50, "column": 31 },
          "end": { "line": 50, "column": 46 }
        },
        "loc": {
          "start": { "line": 50, "column": 73 },
          "end": { "line": 68, "column": 1 }
        },
        "line": 50
      },
      "14": {
        "name": "value",
        "decl": {
          "start": { "line": 56, "column": 20 },
          "end": { "line": 56, "column": 25 }
        },
        "loc": {
          "start": { "line": 56, "column": 28 },
          "end": { "line": 66, "column": 5 }
        },
        "line": 56
      },
      "15": {
        "name": "filterNums",
        "decl": {
          "start": { "line": 70, "column": 26 },
          "end": { "line": 70, "column": 36 }
        },
        "loc": {
          "start": { "line": 70, "column": 63 },
          "end": { "line": 90, "column": 1 }
        },
        "line": 70
      },
      "16": {
        "name": "value",
        "decl": {
          "start": { "line": 76, "column": 20 },
          "end": { "line": 76, "column": 25 }
        },
        "loc": {
          "start": { "line": 76, "column": 28 },
          "end": { "line": 88, "column": 5 }
        },
        "line": 76
      },
      "17": {
        "name": "(anonymous_17)",
        "decl": {
          "start": { "line": 81, "column": 51 },
          "end": { "line": 81, "column": 52 }
        },
        "loc": {
          "start": { "line": 81, "column": 64 },
          "end": { "line": 83, "column": 7 }
        },
        "line": 81
      },
      "18": {
        "name": "(anonymous_18)",
        "decl": {
          "start": { "line": 94, "column": 0 },
          "end": { "line": 94, "column": 1 }
        },
        "loc": {
          "start": { "line": 94, "column": 12 },
          "end": { "line": 188, "column": 1 }
        },
        "line": 94
      },
      "19": {
        "name": "Calculate",
        "decl": {
          "start": { "line": 95, "column": 11 },
          "end": { "line": 95, "column": 20 }
        },
        "loc": {
          "start": { "line": 95, "column": 23 },
          "end": { "line": 97, "column": 3 }
        },
        "line": 95
      },
      "20": {
        "name": "add",
        "decl": {
          "start": { "line": 101, "column": 20 },
          "end": { "line": 101, "column": 23 }
        },
        "loc": {
          "start": { "line": 101, "column": 30 },
          "end": { "line": 103, "column": 5 }
        },
        "line": 101
      },
      "21": {
        "name": "minus",
        "decl": {
          "start": { "line": 106, "column": 20 },
          "end": { "line": 106, "column": 25 }
        },
        "loc": {
          "start": { "line": 106, "column": 32 },
          "end": { "line": 108, "column": 5 }
        },
        "line": 106
      },
      "22": {
        "name": "multiply",
        "decl": {
          "start": { "line": 111, "column": 20 },
          "end": { "line": 111, "column": 28 }
        },
        "loc": {
          "start": { "line": 111, "column": 35 },
          "end": { "line": 113, "column": 5 }
        },
        "line": 111
      },
      "23": {
        "name": "divide",
        "decl": {
          "start": { "line": 116, "column": 20 },
          "end": { "line": 116, "column": 26 }
        },
        "loc": {
          "start": { "line": 116, "column": 33 },
          "end": { "line": 118, "column": 5 }
        },
        "line": 116
      },
      "24": {
        "name": "abs",
        "decl": {
          "start": { "line": 121, "column": 20 },
          "end": { "line": 121, "column": 23 }
        },
        "loc": {
          "start": { "line": 121, "column": 27 },
          "end": { "line": 123, "column": 5 }
        },
        "line": 121
      },
      "25": {
        "name": "sqrt",
        "decl": {
          "start": { "line": 126, "column": 20 },
          "end": { "line": 126, "column": 24 }
        },
        "loc": {
          "start": { "line": 126, "column": 28 },
          "end": { "line": 128, "column": 5 }
        },
        "line": 126
      },
      "26": {
        "name": "percent",
        "decl": {
          "start": { "line": 131, "column": 20 },
          "end": { "line": 131, "column": 27 }
        },
        "loc": {
          "start": { "line": 131, "column": 34 },
          "end": { "line": 142, "column": 5 }
        },
        "line": 131
      },
      "27": {
        "name": "(anonymous_27)",
        "decl": {
          "start": { "line": 132, "column": 31 },
          "end": { "line": 132, "column": 32 }
        },
        "loc": {
          "start": { "line": 132, "column": 44 },
          "end": { "line": 134, "column": 7 }
        },
        "line": 132
      },
      "28": {
        "name": "(anonymous_28)",
        "decl": {
          "start": { "line": 134, "column": 9 },
          "end": { "line": 134, "column": 10 }
        },
        "loc": {
          "start": { "line": 134, "column": 25 },
          "end": { "line": 138, "column": 7 }
        },
        "line": 134
      },
      "29": {
        "name": "monthOnMonth",
        "decl": {
          "start": { "line": 145, "column": 20 },
          "end": { "line": 145, "column": 32 }
        },
        "loc": {
          "start": { "line": 145, "column": 39 },
          "end": { "line": 156, "column": 5 }
        },
        "line": 145
      },
      "30": {
        "name": "(anonymous_30)",
        "decl": {
          "start": { "line": 146, "column": 31 },
          "end": { "line": 146, "column": 32 }
        },
        "loc": {
          "start": { "line": 146, "column": 46 },
          "end": { "line": 148, "column": 7 }
        },
        "line": 146
      },
      "31": {
        "name": "(anonymous_31)",
        "decl": {
          "start": { "line": 148, "column": 9 },
          "end": { "line": 148, "column": 10 }
        },
        "loc": {
          "start": { "line": 148, "column": 26 },
          "end": { "line": 152, "column": 7 }
        },
        "line": 148
      },
      "32": {
        "name": "sum",
        "decl": {
          "start": { "line": 159, "column": 20 },
          "end": { "line": 159, "column": 23 }
        },
        "loc": {
          "start": { "line": 159, "column": 30 },
          "end": { "line": 163, "column": 5 }
        },
        "line": 159
      },
      "33": {
        "name": "(anonymous_33)",
        "decl": {
          "start": { "line": 160, "column": 49 },
          "end": { "line": 160, "column": 50 }
        },
        "loc": {
          "start": { "line": 160, "column": 70 },
          "end": { "line": 162, "column": 7 }
        },
        "line": 160
      },
      "34": {
        "name": "average",
        "decl": {
          "start": { "line": 166, "column": 20 },
          "end": { "line": 166, "column": 27 }
        },
        "loc": {
          "start": { "line": 166, "column": 34 },
          "end": { "line": 174, "column": 5 }
        },
        "line": 166
      },
      "35": {
        "name": "(anonymous_35)",
        "decl": {
          "start": { "line": 167, "column": 31 },
          "end": { "line": 167, "column": 32 }
        },
        "loc": {
          "start": { "line": 167, "column": 46 },
          "end": { "line": 169, "column": 7 }
        },
        "line": 167
      },
      "36": {
        "name": "(anonymous_36)",
        "decl": {
          "start": { "line": 169, "column": 9 },
          "end": { "line": 169, "column": 10 }
        },
        "loc": {
          "start": { "line": 169, "column": 25 },
          "end": { "line": 173, "column": 7 }
        },
        "line": 169
      },
      "37": {
        "name": "(anonymous_37)",
        "decl": {
          "start": { "line": 170, "column": 51 },
          "end": { "line": 170, "column": 52 }
        },
        "loc": {
          "start": { "line": 170, "column": 72 },
          "end": { "line": 172, "column": 9 }
        },
        "line": 170
      },
      "38": {
        "name": "max",
        "decl": {
          "start": { "line": 177, "column": 20 },
          "end": { "line": 177, "column": 23 }
        },
        "loc": {
          "start": { "line": 177, "column": 30 },
          "end": { "line": 179, "column": 5 }
        },
        "line": 177
      },
      "39": {
        "name": "min",
        "decl": {
          "start": { "line": 182, "column": 20 },
          "end": { "line": 182, "column": 23 }
        },
        "loc": {
          "start": { "line": 182, "column": 30 },
          "end": { "line": 184, "column": 5 }
        },
        "line": 182
      }
    },
    "branchMap": {
      "0": {
        "loc": {
          "start": { "line": 12, "column": 42 },
          "end": { "line": 12, "column": 114 }
        },
        "type": "binary-expr",
        "locations": [
          {
            "start": { "line": 12, "column": 42 },
            "end": { "line": 12, "column": 65 }
          },
          {
            "start": { "line": 12, "column": 69 },
            "end": { "line": 12, "column": 90 }
          },
          {
            "start": { "line": 12, "column": 94 },
            "end": { "line": 12, "column": 114 }
          }
        ],
        "line": 12
      },
      "1": {
        "loc": {
          "start": { "line": 16, "column": 34 },
          "end": { "line": 16, "column": 160 }
        },
        "type": "if",
        "locations": [
          {
            "start": { "line": 16, "column": 34 },
            "end": { "line": 16, "column": 160 }
          },
          {
            "start": { "line": 16, "column": 34 },
            "end": { "line": 16, "column": 160 }
          }
        ],
        "line": 16
      },
      "2": {
        "loc": {
          "start": { "line": 16, "column": 38 },
          "end": { "line": 16, "column": 134 }
        },
        "type": "binary-expr",
        "locations": [
          {
            "start": { "line": 16, "column": 38 },
            "end": { "line": 16, "column": 69 }
          },
          {
            "start": { "line": 16, "column": 73 },
            "end": { "line": 16, "column": 134 }
          }
        ],
        "line": 16
      },
      "3": {
        "loc": {
          "start": { "line": 18, "column": 35 },
          "end": { "line": 18, "column": 164 }
        },
        "type": "if",
        "locations": [
          {
            "start": { "line": 18, "column": 35 },
            "end": { "line": 18, "column": 164 }
          },
          {
            "start": { "line": 18, "column": 35 },
            "end": { "line": 18, "column": 164 }
          }
        ],
        "line": 18
      },
      "4": {
        "loc": {
          "start": { "line": 20, "column": 50 },
          "end": { "line": 20, "column": 151 }
        },
        "type": "if",
        "locations": [
          {
            "start": { "line": 20, "column": 50 },
            "end": { "line": 20, "column": 151 }
          },
          {
            "start": { "line": 20, "column": 50 },
            "end": { "line": 20, "column": 151 }
          }
        ],
        "line": 20
      },
      "5": {
        "loc": {
          "start": { "line": 22, "column": 136 },
          "end": { "line": 22, "column": 166 }
        },
        "type": "binary-expr",
        "locations": [
          {
            "start": { "line": 22, "column": 136 },
            "end": { "line": 22, "column": 157 }
          },
          {
            "start": { "line": 22, "column": 161 },
            "end": { "line": 22, "column": 166 }
          }
        ],
        "line": 22
      },
      "6": {
        "loc": {
          "start": { "line": 22, "column": 200 },
          "end": { "line": 22, "column": 254 }
        },
        "type": "if",
        "locations": [
          {
            "start": { "line": 22, "column": 200 },
            "end": { "line": 22, "column": 254 }
          },
          {
            "start": { "line": 22, "column": 200 },
            "end": { "line": 22, "column": 254 }
          }
        ],
        "line": 22
      },
      "7": {
        "loc": {
          "start": { "line": 24, "column": 62 },
          "end": { "line": 24, "column": 131 }
        },
        "type": "if",
        "locations": [
          {
            "start": { "line": 24, "column": 62 },
            "end": { "line": 24, "column": 131 }
          },
          {
            "start": { "line": 24, "column": 62 },
            "end": { "line": 24, "column": 131 }
          }
        ],
        "line": 24
      },
      "8": {
        "loc": {
          "start": { "line": 24, "column": 132 },
          "end": { "line": 24, "column": 193 }
        },
        "type": "if",
        "locations": [
          {
            "start": { "line": 24, "column": 132 },
            "end": { "line": 24, "column": 193 }
          },
          {
            "start": { "line": 24, "column": 132 },
            "end": { "line": 24, "column": 193 }
          }
        ],
        "line": 24
      },
      "9": {
        "loc": {
          "start": { "line": 26, "column": 271 },
          "end": { "line": 26, "column": 337 }
        },
        "type": "if",
        "locations": [
          {
            "start": { "line": 26, "column": 271 },
            "end": { "line": 26, "column": 337 }
          },
          {
            "start": { "line": 26, "column": 271 },
            "end": { "line": 26, "column": 337 }
          }
        ],
        "line": 26
      },
      "10": {
        "loc": {
          "start": { "line": 26, "column": 275 },
          "end": { "line": 26, "column": 310 }
        },
        "type": "binary-expr",
        "locations": [
          {
            "start": { "line": 26, "column": 275 },
            "end": { "line": 26, "column": 290 }
          },
          {
            "start": { "line": 26, "column": 294 },
            "end": { "line": 26, "column": 310 }
          }
        ],
        "line": 26
      },
      "11": {
        "loc": {
          "start": { "line": 26, "column": 417 },
          "end": { "line": 26, "column": 458 }
        },
        "type": "binary-expr",
        "locations": [
          {
            "start": { "line": 26, "column": 417 },
            "end": { "line": 26, "column": 450 }
          },
          {
            "start": { "line": 26, "column": 454 },
            "end": { "line": 26, "column": 458 }
          }
        ],
        "line": 26
      },
      "12": {
        "loc": {
          "start": { "line": 26, "column": 470 },
          "end": { "line": 26, "column": 620 }
        },
        "type": "if",
        "locations": [
          {
            "start": { "line": 26, "column": 470 },
            "end": { "line": 26, "column": 620 }
          },
          {
            "start": { "line": 26, "column": 470 },
            "end": { "line": 26, "column": 620 }
          }
        ],
        "line": 26
      },
      "13": {
        "loc": {
          "start": { "line": 26, "column": 474 },
          "end": { "line": 26, "column": 512 }
        },
        "type": "binary-expr",
        "locations": [
          {
            "start": { "line": 26, "column": 474 },
            "end": { "line": 26, "column": 481 }
          },
          {
            "start": { "line": 26, "column": 485 },
            "end": { "line": 26, "column": 512 }
          }
        ],
        "line": 26
      },
      "14": {
        "loc": {
          "start": { "line": 26, "column": 529 },
          "end": { "line": 26, "column": 587 }
        },
        "type": "cond-expr",
        "locations": [
          {
            "start": { "line": 26, "column": 548 },
            "end": { "line": 26, "column": 578 }
          },
          {
            "start": { "line": 26, "column": 581 },
            "end": { "line": 26, "column": 587 }
          }
        ],
        "line": 26
      },
      "15": {
        "loc": {
          "start": { "line": 26, "column": 621 },
          "end": { "line": 26, "column": 725 }
        },
        "type": "if",
        "locations": [
          {
            "start": { "line": 26, "column": 621 },
            "end": { "line": 26, "column": 725 }
          },
          {
            "start": { "line": 26, "column": 621 },
            "end": { "line": 26, "column": 725 }
          }
        ],
        "line": 26
      },
      "16": {
        "loc": {
          "start": { "line": 39, "column": 6 },
          "end": { "line": 43, "column": 7 }
        },
        "type": "if",
        "locations": [
          {
            "start": { "line": 39, "column": 6 },
            "end": { "line": 43, "column": 7 }
          },
          {
            "start": { "line": 39, "column": 6 },
            "end": { "line": 43, "column": 7 }
          }
        ],
        "line": 39
      },
      "17": {
        "loc": {
          "start": { "line": 61, "column": 6 },
          "end": { "line": 63, "column": 7 }
        },
        "type": "if",
        "locations": [
          {
            "start": { "line": 61, "column": 6 },
            "end": { "line": 63, "column": 7 }
          },
          {
            "start": { "line": 61, "column": 6 },
            "end": { "line": 63, "column": 7 }
          }
        ],
        "line": 61
      },
      "18": {
        "loc": {
          "start": { "line": 61, "column": 10 },
          "end": { "line": 61, "column": 75 }
        },
        "type": "binary-expr",
        "locations": [
          {
            "start": { "line": 61, "column": 10 },
            "end": { "line": 61, "column": 38 }
          },
          {
            "start": { "line": 61, "column": 42 },
            "end": { "line": 61, "column": 75 }
          }
        ],
        "line": 61
      },
      "19": {
        "loc": {
          "start": { "line": 81, "column": 6 },
          "end": { "line": 85, "column": 7 }
        },
        "type": "if",
        "locations": [
          {
            "start": { "line": 81, "column": 6 },
            "end": { "line": 85, "column": 7 }
          },
          {
            "start": { "line": 81, "column": 6 },
            "end": { "line": 85, "column": 7 }
          }
        ],
        "line": 81
      },
      "20": {
        "loc": {
          "start": { "line": 81, "column": 10 },
          "end": { "line": 83, "column": 8 }
        },
        "type": "binary-expr",
        "locations": [
          {
            "start": { "line": 81, "column": 10 },
            "end": { "line": 81, "column": 33 }
          },
          {
            "start": { "line": 81, "column": 37 },
            "end": { "line": 83, "column": 8 }
          }
        ],
        "line": 81
      }
    },
    "s": {
      "0": 1,
      "1": 1,
      "2": 1,
      "3": 12,
      "4": 0,
      "5": 0,
      "6": 0,
      "7": 12,
      "8": 12,
      "9": 40,
      "10": 12,
      "11": 1,
      "12": 0,
      "13": 1,
      "14": 12,
      "15": 12,
      "16": 12,
      "17": 12,
      "18": 12,
      "19": 12,
      "20": 1,
      "21": 1,
      "22": 1,
      "23": 0,
      "24": 1,
      "25": 12,
      "26": 12,
      "27": 48,
      "28": 12,
      "29": 12,
      "30": 12,
      "31": 12,
      "32": 12,
      "33": 15,
      "34": 12,
      "35": 0,
      "36": 0,
      "37": 12,
      "38": 12,
      "39": 12,
      "40": 12,
      "41": 1,
      "42": 8,
      "43": 8,
      "44": 73,
      "45": 139,
      "46": 73,
      "47": 138,
      "48": 6,
      "49": 67,
      "50": 1,
      "51": 3,
      "52": 3,
      "53": 28,
      "54": 56,
      "55": 28,
      "56": 6,
      "57": 22,
      "58": 1,
      "59": 4,
      "60": 4,
      "61": 20,
      "62": 20,
      "63": 20,
      "64": 22,
      "65": 6,
      "66": 14,
      "67": 1,
      "68": 1,
      "69": 1,
      "70": 1,
      "71": 20,
      "72": 19,
      "73": 19,
      "74": 4,
      "75": 1,
      "76": 2,
      "77": 2,
      "78": 2,
      "79": 2,
      "80": 2,
      "81": 1,
      "82": 1,
      "83": 1,
      "84": 1,
      "85": 1,
      "86": 1,
      "87": 2,
      "88": 1,
      "89": 1,
      "90": 1,
      "91": 2,
      "92": 6,
      "93": 6,
      "94": 1,
      "95": 1,
      "96": 1
    },
    "f": {
      "0": 12,
      "1": 0,
      "2": 0,
      "3": 12,
      "4": 1,
      "5": 1,
      "6": 1,
      "7": 12,
      "8": 48,
      "9": 15,
      "10": 8,
      "11": 73,
      "12": 138,
      "13": 3,
      "14": 28,
      "15": 4,
      "16": 20,
      "17": 22,
      "18": 1,
      "19": 1,
      "20": 1,
      "21": 20,
      "22": 19,
      "23": 19,
      "24": 4,
      "25": 1,
      "26": 2,
      "27": 2,
      "28": 2,
      "29": 1,
      "30": 1,
      "31": 1,
      "32": 1,
      "33": 2,
      "34": 1,
      "35": 1,
      "36": 1,
      "37": 2,
      "38": 6,
      "39": 6
    },
    "b": {
      "0": [12, 0, 0],
      "1": [0, 0],
      "2": [0, 0],
      "3": [12, 0],
      "4": [0, 1],
      "5": [12, 12],
      "6": [12, 0],
      "7": [1, 0],
      "8": [0, 1],
      "9": [12, 0],
      "10": [12, 0],
      "11": [15, 0],
      "12": [0, 12],
      "13": [12, 12],
      "14": [0, 0],
      "15": [12, 0],
      "16": [6, 67],
      "17": [6, 22],
      "18": [28, 25],
      "19": [6, 14],
      "20": [20, 20]
    },
    "_coverageSchema": "332fd63041d2c1bcb487cc26dd0d5f7d97098a6c",
    "hash": "36c3047bcf4833a3318c4e35a1ca000bcd805899"
  },
  "/Users/Bacon/MathLib/lib/display.js": {
    "path": "/Users/Bacon/MathLib/lib/display.js",
    "statementMap": {
      "0": {
        "start": { "line": 3, "column": 0 },
        "end": { "line": 5, "column": 3 }
      },
      "1": {
        "start": { "line": 6, "column": 0 },
        "end": { "line": 6, "column": 25 }
      },
      "2": {
        "start": { "line": 8, "column": 11 },
        "end": { "line": 8, "column": 27 }
      },
      "3": {
        "start": { "line": 10, "column": 17 },
        "end": { "line": 10, "column": 63 }
      },
      "4": {
        "start": { "line": 12, "column": 39 },
        "end": { "line": 12, "column": 93 }
      },
      "5": {
        "start": { "line": 14, "column": 10 },
        "end": { "line": 14, "column": 32 }
      },
      "6": {
        "start": { "line": 38, "column": 17 },
        "end": { "line": 42, "column": 1 }
      },
      "7": {
        "start": { "line": 43, "column": 18 },
        "end": { "line": 47, "column": 1 }
      },
      "8": {
        "start": { "line": 49, "column": 13 },
        "end": { "line": 63, "column": 1 }
      },
      "9": {
        "start": { "line": 50, "column": 2 },
        "end": { "line": 62, "column": 3 }
      },
      "10": {
        "start": { "line": 51, "column": 4 },
        "end": { "line": 55, "column": 7 }
      },
      "11": {
        "start": { "line": 54, "column": 6 },
        "end": { "line": 54, "column": 25 }
      },
      "12": {
        "start": { "line": 57, "column": 4 },
        "end": { "line": 61, "column": 7 }
      },
      "13": {
        "start": { "line": 60, "column": 6 },
        "end": { "line": 60, "column": 17 }
      },
      "14": {
        "start": { "line": 65, "column": 15 },
        "end": { "line": 69, "column": 1 }
      },
      "15": {
        "start": { "line": 66, "column": 2 },
        "end": { "line": 68, "column": 5 }
      },
      "16": {
        "start": { "line": 67, "column": 4 },
        "end": { "line": 67, "column": 61 }
      },
      "17": {
        "start": { "line": 78, "column": 14 },
        "end": { "line": 110, "column": 1 }
      },
      "18": {
        "start": { "line": 79, "column": 14 },
        "end": { "line": 79, "column": 83 }
      },
      "19": {
        "start": { "line": 80, "column": 25 },
        "end": { "line": 80, "column": 97 }
      },
      "20": {
        "start": { "line": 81, "column": 15 },
        "end": { "line": 81, "column": 103 }
      },
      "21": {
        "start": { "line": 82, "column": 2 },
        "end": { "line": 82, "column": 53 }
      },
      "22": {
        "start": { "line": 83, "column": 12 },
        "end": { "line": 83, "column": 44 }
      },
      "23": {
        "start": { "line": 84, "column": 23 },
        "end": { "line": 84, "column": 46 }
      },
      "24": {
        "start": { "line": 86, "column": 2 },
        "end": { "line": 109, "column": 3 }
      },
      "25": {
        "start": { "line": 87, "column": 4 },
        "end": { "line": 106, "column": 5 }
      },
      "26": {
        "start": { "line": 88, "column": 18 },
        "end": { "line": 90, "column": 8 }
      },
      "27": {
        "start": { "line": 89, "column": 8 },
        "end": { "line": 89, "column": 35 }
      },
      "28": {
        "start": { "line": 91, "column": 22 },
        "end": { "line": 91, "column": 56 }
      },
      "29": {
        "start": { "line": 92, "column": 18 },
        "end": { "line": 92, "column": 59 }
      },
      "30": {
        "start": { "line": 93, "column": 19 },
        "end": { "line": 93, "column": 54 }
      },
      "31": {
        "start": { "line": 95, "column": 17 },
        "end": { "line": 95, "column": 66 }
      },
      "32": {
        "start": { "line": 97, "column": 6 },
        "end": { "line": 103, "column": 7 }
      },
      "33": {
        "start": { "line": 98, "column": 25 },
        "end": { "line": 98, "column": 56 }
      },
      "34": {
        "start": { "line": 99, "column": 26 },
        "end": { "line": 99, "column": 49 }
      },
      "35": {
        "start": { "line": 100, "column": 8 },
        "end": { "line": 100, "column": 111 }
      },
      "36": {
        "start": { "line": 102, "column": 8 },
        "end": { "line": 102, "column": 45 }
      },
      "37": {
        "start": { "line": 105, "column": 6 },
        "end": { "line": 105, "column": 57 }
      },
      "38": {
        "start": { "line": 108, "column": 4 },
        "end": { "line": 108, "column": 16 }
      },
      "39": {
        "start": { "line": 112, "column": 20 },
        "end": { "line": 132, "column": 1 }
      },
      "40": {
        "start": { "line": 113, "column": 12 },
        "end": { "line": 113, "column": 81 }
      },
      "41": {
        "start": { "line": 114, "column": 23 },
        "end": { "line": 114, "column": 46 }
      },
      "42": {
        "start": { "line": 116, "column": 2 },
        "end": { "line": 131, "column": 3 }
      },
      "43": {
        "start": { "line": 117, "column": 17 },
        "end": { "line": 117, "column": 38 }
      },
      "44": {
        "start": { "line": 118, "column": 18 },
        "end": { "line": 118, "column": 35 }
      },
      "45": {
        "start": { "line": 119, "column": 4 },
        "end": { "line": 127, "column": 40 }
      },
      "46": {
        "start": { "line": 120, "column": 6 },
        "end": { "line": 120, "column": 18 }
      },
      "47": {
        "start": { "line": 122, "column": 6 },
        "end": { "line": 124, "column": 7 }
      },
      "48": {
        "start": { "line": 123, "column": 8 },
        "end": { "line": 123, "column": 20 }
      },
      "49": {
        "start": { "line": 126, "column": 6 },
        "end": { "line": 126, "column": 18 }
      },
      "50": {
        "start": { "line": 128, "column": 4 },
        "end": { "line": 128, "column": 67 }
      },
      "51": {
        "start": { "line": 130, "column": 4 },
        "end": { "line": 130, "column": 16 }
      },
      "52": {
        "start": { "line": 134, "column": 15 },
        "end": { "line": 137, "column": 1 }
      },
      "53": {
        "start": { "line": 138, "column": 0 },
        "end": { "line": 138, "column": 27 }
      }
    },
    "fnMap": {
      "0": {
        "name": "_interopRequireDefault",
        "decl": {
          "start": { "line": 12, "column": 9 },
          "end": { "line": 12, "column": 31 }
        },
        "loc": {
          "start": { "line": 12, "column": 37 },
          "end": { "line": 12, "column": 95 }
        },
        "line": 12
      },
      "1": {
        "name": "getFix",
        "decl": {
          "start": { "line": 49, "column": 22 },
          "end": { "line": 49, "column": 28 }
        },
        "loc": {
          "start": { "line": 49, "column": 42 },
          "end": { "line": 63, "column": 1 }
        },
        "line": 49
      },
      "2": {
        "name": "(anonymous_2)",
        "decl": {
          "start": { "line": 53, "column": 7 },
          "end": { "line": 53, "column": 8 }
        },
        "loc": {
          "start": { "line": 53, "column": 27 },
          "end": { "line": 55, "column": 5 }
        },
        "line": 53
      },
      "3": {
        "name": "(anonymous_3)",
        "decl": {
          "start": { "line": 59, "column": 7 },
          "end": { "line": 59, "column": 8 }
        },
        "loc": {
          "start": { "line": 59, "column": 27 },
          "end": { "line": 61, "column": 5 }
        },
        "line": 59
      },
      "4": {
        "name": "getLabel",
        "decl": {
          "start": { "line": 65, "column": 24 },
          "end": { "line": 65, "column": 32 }
        },
        "loc": {
          "start": { "line": 65, "column": 38 },
          "end": { "line": 69, "column": 1 }
        },
        "line": 65
      },
      "5": {
        "name": "(anonymous_5)",
        "decl": {
          "start": { "line": 66, "column": 38 },
          "end": { "line": 66, "column": 39 }
        },
        "loc": {
          "start": { "line": 66, "column": 53 },
          "end": { "line": 68, "column": 3 }
        },
        "line": 66
      },
      "6": {
        "name": "display",
        "decl": {
          "start": { "line": 78, "column": 23 },
          "end": { "line": 78, "column": 30 }
        },
        "loc": {
          "start": { "line": 78, "column": 36 },
          "end": { "line": 110, "column": 1 }
        },
        "line": 78
      },
      "7": {
        "name": "(anonymous_7)",
        "decl": {
          "start": { "line": 88, "column": 35 },
          "end": { "line": 88, "column": 36 }
        },
        "loc": {
          "start": { "line": 88, "column": 48 },
          "end": { "line": 90, "column": 7 }
        },
        "line": 88
      },
      "8": {
        "name": "localeDisplay",
        "decl": {
          "start": { "line": 112, "column": 29 },
          "end": { "line": 112, "column": 42 }
        },
        "loc": {
          "start": { "line": 112, "column": 48 },
          "end": { "line": 132, "column": 1 }
        },
        "line": 112
      },
      "9": {
        "name": "(anonymous_9)",
        "decl": {
          "start": { "line": 119, "column": 55 },
          "end": { "line": 119, "column": 56 }
        },
        "loc": {
          "start": { "line": 119, "column": 93 },
          "end": { "line": 127, "column": 5 }
        },
        "line": 119
      }
    },
    "branchMap": {
      "0": {
        "loc": {
          "start": { "line": 12, "column": 46 },
          "end": { "line": 12, "column": 92 }
        },
        "type": "cond-expr",
        "locations": [
          {
            "start": { "line": 12, "column": 70 },
            "end": { "line": 12, "column": 73 }
          },
          {
            "start": { "line": 12, "column": 76 },
            "end": { "line": 12, "column": 92 }
          }
        ],
        "line": 12
      },
      "1": {
        "loc": {
          "start": { "line": 12, "column": 46 },
          "end": { "line": 12, "column": 67 }
        },
        "type": "binary-expr",
        "locations": [
          {
            "start": { "line": 12, "column": 46 },
            "end": { "line": 12, "column": 49 }
          },
          {
            "start": { "line": 12, "column": 53 },
            "end": { "line": 12, "column": 67 }
          }
        ],
        "line": 12
      },
      "2": {
        "loc": {
          "start": { "line": 50, "column": 2 },
          "end": { "line": 62, "column": 3 }
        },
        "type": "if",
        "locations": [
          {
            "start": { "line": 50, "column": 2 },
            "end": { "line": 62, "column": 3 }
          },
          {
            "start": { "line": 50, "column": 2 },
            "end": { "line": 62, "column": 3 }
          }
        ],
        "line": 50
      },
      "3": {
        "loc": {
          "start": { "line": 51, "column": 11 },
          "end": { "line": 55, "column": 6 }
        },
        "type": "cond-expr",
        "locations": [
          {
            "start": { "line": 51, "column": 35 },
            "end": { "line": 51, "column": 38 }
          },
          {
            "start": { "line": 51, "column": 41 },
            "end": { "line": 55, "column": 6 }
          }
        ],
        "line": 51
      },
      "4": {
        "loc": {
          "start": { "line": 54, "column": 13 },
          "end": { "line": 54, "column": 24 }
        },
        "type": "binary-expr",
        "locations": [
          {
            "start": { "line": 54, "column": 13 },
            "end": { "line": 54, "column": 19 }
          },
          {
            "start": { "line": 54, "column": 23 },
            "end": { "line": 54, "column": 24 }
          }
        ],
        "line": 54
      },
      "5": {
        "loc": {
          "start": { "line": 79, "column": 14 },
          "end": { "line": 79, "column": 83 }
        },
        "type": "cond-expr",
        "locations": [
          {
            "start": { "line": 79, "column": 67 },
            "end": { "line": 79, "column": 79 }
          },
          {
            "start": { "line": 79, "column": 82 },
            "end": { "line": 79, "column": 83 }
          }
        ],
        "line": 79
      },
      "6": {
        "loc": {
          "start": { "line": 79, "column": 14 },
          "end": { "line": 79, "column": 64 }
        },
        "type": "binary-expr",
        "locations": [
          {
            "start": { "line": 79, "column": 14 },
            "end": { "line": 79, "column": 34 }
          },
          {
            "start": { "line": 79, "column": 38 },
            "end": { "line": 79, "column": 64 }
          }
        ],
        "line": 79
      },
      "7": {
        "loc": {
          "start": { "line": 80, "column": 25 },
          "end": { "line": 80, "column": 97 }
        },
        "type": "cond-expr",
        "locations": [
          {
            "start": { "line": 80, "column": 78 },
            "end": { "line": 80, "column": 90 }
          },
          {
            "start": { "line": 80, "column": 93 },
            "end": { "line": 80, "column": 97 }
          }
        ],
        "line": 80
      },
      "8": {
        "loc": {
          "start": { "line": 80, "column": 25 },
          "end": { "line": 80, "column": 75 }
        },
        "type": "binary-expr",
        "locations": [
          {
            "start": { "line": 80, "column": 25 },
            "end": { "line": 80, "column": 45 }
          },
          {
            "start": { "line": 80, "column": 49 },
            "end": { "line": 80, "column": 75 }
          }
        ],
        "line": 80
      },
      "9": {
        "loc": {
          "start": { "line": 81, "column": 15 },
          "end": { "line": 81, "column": 103 }
        },
        "type": "cond-expr",
        "locations": [
          {
            "start": { "line": 81, "column": 68 },
            "end": { "line": 81, "column": 80 }
          },
          {
            "start": { "line": 81, "column": 83 },
            "end": { "line": 81, "column": 103 }
          }
        ],
        "line": 81
      },
      "10": {
        "loc": {
          "start": { "line": 81, "column": 15 },
          "end": { "line": 81, "column": 65 }
        },
        "type": "binary-expr",
        "locations": [
          {
            "start": { "line": 81, "column": 15 },
            "end": { "line": 81, "column": 35 }
          },
          {
            "start": { "line": 81, "column": 39 },
            "end": { "line": 81, "column": 65 }
          }
        ],
        "line": 81
      },
      "11": {
        "loc": {
          "start": { "line": 82, "column": 11 },
          "end": { "line": 82, "column": 52 }
        },
        "type": "cond-expr",
        "locations": [
          {
            "start": { "line": 82, "column": 35 },
            "end": { "line": 82, "column": 41 }
          },
          {
            "start": { "line": 82, "column": 44 },
            "end": { "line": 82, "column": 52 }
          }
        ],
        "line": 82
      },
      "12": {
        "loc": {
          "start": { "line": 86, "column": 2 },
          "end": { "line": 109, "column": 3 }
        },
        "type": "if",
        "locations": [
          {
            "start": { "line": 86, "column": 2 },
            "end": { "line": 109, "column": 3 }
          },
          {
            "start": { "line": 86, "column": 2 },
            "end": { "line": 109, "column": 3 }
          }
        ],
        "line": 86
      },
      "13": {
        "loc": {
          "start": { "line": 87, "column": 4 },
          "end": { "line": 106, "column": 5 }
        },
        "type": "if",
        "locations": [
          {
            "start": { "line": 87, "column": 4 },
            "end": { "line": 106, "column": 5 }
          },
          {
            "start": { "line": 87, "column": 4 },
            "end": { "line": 106, "column": 5 }
          }
        ],
        "line": 87
      },
      "14": {
        "loc": {
          "start": { "line": 91, "column": 22 },
          "end": { "line": 91, "column": 56 }
        },
        "type": "cond-expr",
        "locations": [
          {
            "start": { "line": 91, "column": 35 },
            "end": { "line": 91, "column": 40 }
          },
          {
            "start": { "line": 91, "column": 43 },
            "end": { "line": 91, "column": 56 }
          }
        ],
        "line": 91
      },
      "15": {
        "loc": {
          "start": { "line": 92, "column": 18 },
          "end": { "line": 92, "column": 59 }
        },
        "type": "cond-expr",
        "locations": [
          {
            "start": { "line": 92, "column": 31 },
            "end": { "line": 92, "column": 54 }
          },
          {
            "start": { "line": 92, "column": 57 },
            "end": { "line": 92, "column": 59 }
          }
        ],
        "line": 92
      },
      "16": {
        "loc": {
          "start": { "line": 93, "column": 19 },
          "end": { "line": 93, "column": 54 }
        },
        "type": "cond-expr",
        "locations": [
          {
            "start": { "line": 93, "column": 32 },
            "end": { "line": 93, "column": 50 }
          },
          {
            "start": { "line": 93, "column": 53 },
            "end": { "line": 93, "column": 54 }
          }
        ],
        "line": 93
      },
      "17": {
        "loc": {
          "start": { "line": 97, "column": 6 },
          "end": { "line": 103, "column": 7 }
        },
        "type": "if",
        "locations": [
          {
            "start": { "line": 97, "column": 6 },
            "end": { "line": 103, "column": 7 }
          },
          {
            "start": { "line": 97, "column": 6 },
            "end": { "line": 103, "column": 7 }
          }
        ],
        "line": 97
      },
      "18": {
        "loc": {
          "start": { "line": 97, "column": 10 },
          "end": { "line": 97, "column": 85 }
        },
        "type": "binary-expr",
        "locations": [
          {
            "start": { "line": 97, "column": 10 },
            "end": { "line": 97, "column": 24 }
          },
          {
            "start": { "line": 97, "column": 28 },
            "end": { "line": 97, "column": 85 }
          }
        ],
        "line": 97
      },
      "19": {
        "loc": {
          "start": { "line": 113, "column": 12 },
          "end": { "line": 113, "column": 81 }
        },
        "type": "cond-expr",
        "locations": [
          {
            "start": { "line": 113, "column": 65 },
            "end": { "line": 113, "column": 77 }
          },
          {
            "start": { "line": 113, "column": 80 },
            "end": { "line": 113, "column": 81 }
          }
        ],
        "line": 113
      },
      "20": {
        "loc": {
          "start": { "line": 113, "column": 12 },
          "end": { "line": 113, "column": 62 }
        },
        "type": "binary-expr",
        "locations": [
          {
            "start": { "line": 113, "column": 12 },
            "end": { "line": 113, "column": 32 }
          },
          {
            "start": { "line": 113, "column": 36 },
            "end": { "line": 113, "column": 62 }
          }
        ],
        "line": 113
      },
      "21": {
        "loc": {
          "start": { "line": 116, "column": 2 },
          "end": { "line": 131, "column": 3 }
        },
        "type": "if",
        "locations": [
          {
            "start": { "line": 116, "column": 2 },
            "end": { "line": 131, "column": 3 }
          },
          {
            "start": { "line": 116, "column": 2 },
            "end": { "line": 131, "column": 3 }
          }
        ],
        "line": 116
      },
      "22": {
        "loc": {
          "start": { "line": 122, "column": 6 },
          "end": { "line": 124, "column": 7 }
        },
        "type": "if",
        "locations": [
          {
            "start": { "line": 122, "column": 6 },
            "end": { "line": 124, "column": 7 }
          },
          {
            "start": { "line": 122, "column": 6 },
            "end": { "line": 124, "column": 7 }
          }
        ],
        "line": 122
      },
      "23": {
        "loc": {
          "start": { "line": 122, "column": 10 },
          "end": { "line": 122, "column": 67 }
        },
        "type": "binary-expr",
        "locations": [
          {
            "start": { "line": 122, "column": 10 },
            "end": { "line": 122, "column": 34 }
          },
          {
            "start": { "line": 122, "column": 38 },
            "end": { "line": 122, "column": 67 }
          }
        ],
        "line": 122
      },
      "24": {
        "loc": {
          "start": { "line": 128, "column": 21 },
          "end": { "line": 128, "column": 39 }
        },
        "type": "cond-expr",
        "locations": [
          {
            "start": { "line": 128, "column": 31 },
            "end": { "line": 128, "column": 34 }
          },
          {
            "start": { "line": 128, "column": 37 },
            "end": { "line": 128, "column": 39 }
          }
        ],
        "line": 128
      }
    },
    "s": {
      "0": 1,
      "1": 1,
      "2": 1,
      "3": 1,
      "4": 1,
      "5": 1,
      "6": 1,
      "7": 1,
      "8": 1,
      "9": 14,
      "10": 0,
      "11": 0,
      "12": 14,
      "13": 39,
      "14": 1,
      "15": 8,
      "16": 11,
      "17": 1,
      "18": 14,
      "19": 14,
      "20": 14,
      "21": 14,
      "22": 14,
      "23": 14,
      "24": 14,
      "25": 13,
      "26": 10,
      "27": 13,
      "28": 10,
      "29": 10,
      "30": 10,
      "31": 10,
      "32": 10,
      "33": 0,
      "34": 0,
      "35": 0,
      "36": 10,
      "37": 3,
      "38": 1,
      "39": 1,
      "40": 3,
      "41": 3,
      "42": 3,
      "43": 2,
      "44": 2,
      "45": 2,
      "46": 20,
      "47": 20,
      "48": 6,
      "49": 20,
      "50": 2,
      "51": 1,
      "52": 1,
      "53": 1
    },
    "f": {
      "0": 1,
      "1": 14,
      "2": 0,
      "3": 39,
      "4": 8,
      "5": 11,
      "6": 14,
      "7": 13,
      "8": 3,
      "9": 20
    },
    "b": {
      "0": [1, 0],
      "1": [1, 1],
      "2": [0, 14],
      "3": [0, 0],
      "4": [0, 0],
      "5": [13, 1],
      "6": [14, 13],
      "7": [12, 2],
      "8": [14, 12],
      "9": [3, 11],
      "10": [14, 3],
      "11": [12, 2],
      "12": [13, 1],
      "13": [10, 3],
      "14": [8, 2],
      "15": [8, 2],
      "16": [8, 2],
      "17": [0, 10],
      "18": [10, 4],
      "19": [2, 1],
      "20": [3, 2],
      "21": [2, 1],
      "22": [6, 14],
      "23": [20, 6],
      "24": [0, 2]
    },
    "_coverageSchema": "332fd63041d2c1bcb487cc26dd0d5f7d97098a6c",
    "hash": "5aacd61125bdf4a7a0879732c120abc3ea7e5818"
  },
  "/Users/Bacon/MathLib/lib/index.js": {
    "path": "/Users/Bacon/MathLib/lib/index.js",
    "statementMap": {
      "0": {
        "start": { "line": 3, "column": 0 },
        "end": { "line": 5, "column": 3 }
      },
      "1": {
        "start": { "line": 6, "column": 0 },
        "end": { "line": 6, "column": 25 }
      },
      "2": {
        "start": { "line": 8, "column": 17 },
        "end": { "line": 8, "column": 63 }
      },
      "3": {
        "start": { "line": 10, "column": 15 },
        "end": { "line": 10, "column": 59 }
      },
      "4": {
        "start": { "line": 12, "column": 15 },
        "end": { "line": 12, "column": 59 }
      },
      "5": {
        "start": { "line": 14, "column": 11 },
        "end": { "line": 14, "column": 27 }
      },
      "6": {
        "start": { "line": 16, "column": 39 },
        "end": { "line": 16, "column": 93 }
      },
      "7": {
        "start": { "line": 18, "column": 33 },
        "end": { "line": 18, "column": 464 }
      },
      "8": {
        "start": { "line": 18, "column": 91 },
        "end": { "line": 18, "column": 131 }
      },
      "9": {
        "start": { "line": 18, "column": 147 },
        "end": { "line": 18, "column": 166 }
      },
      "10": {
        "start": { "line": 18, "column": 168 },
        "end": { "line": 18, "column": 382 }
      },
      "11": {
        "start": { "line": 18, "column": 226 },
        "end": { "line": 18, "column": 380 }
      },
      "12": {
        "start": { "line": 18, "column": 312 },
        "end": { "line": 18, "column": 375 }
      },
      "13": {
        "start": { "line": 18, "column": 383 },
        "end": { "line": 18, "column": 462 }
      },
      "14": {
        "start": { "line": 18, "column": 416 },
        "end": { "line": 18, "column": 458 }
      },
      "15": {
        "start": { "line": 18, "column": 465 },
        "end": { "line": 18, "column": 479 }
      },
      "16": {
        "start": { "line": 20, "column": 44 },
        "end": { "line": 20, "column": 195 }
      },
      "17": {
        "start": { "line": 20, "column": 62 },
        "end": { "line": 20, "column": 166 }
      },
      "18": {
        "start": { "line": 20, "column": 176 },
        "end": { "line": 20, "column": 193 }
      },
      "19": {
        "start": { "line": 20, "column": 196 },
        "end": { "line": 20, "column": 207 }
      },
      "20": {
        "start": { "line": 22, "column": 15 },
        "end": { "line": 41, "column": 20 }
      },
      "21": {
        "start": { "line": 43, "column": 0 },
        "end": { "line": 43, "column": 27 }
      }
    },
    "fnMap": {
      "0": {
        "name": "_interopRequireDefault",
        "decl": {
          "start": { "line": 16, "column": 9 },
          "end": { "line": 16, "column": 31 }
        },
        "loc": {
          "start": { "line": 16, "column": 37 },
          "end": { "line": 16, "column": 95 }
        },
        "line": 16
      },
      "1": {
        "name": "_objectSpread",
        "decl": {
          "start": { "line": 18, "column": 9 },
          "end": { "line": 18, "column": 22 }
        },
        "loc": {
          "start": { "line": 18, "column": 31 },
          "end": { "line": 18, "column": 481 }
        },
        "line": 18
      },
      "2": {
        "name": "(anonymous_2)",
        "decl": {
          "start": { "line": 18, "column": 295 },
          "end": { "line": 18, "column": 296 }
        },
        "loc": {
          "start": { "line": 18, "column": 310 },
          "end": { "line": 18, "column": 377 }
        },
        "line": 18
      },
      "3": {
        "name": "(anonymous_3)",
        "decl": {
          "start": { "line": 18, "column": 399 },
          "end": { "line": 18, "column": 400 }
        },
        "loc": {
          "start": { "line": 18, "column": 414 },
          "end": { "line": 18, "column": 460 }
        },
        "line": 18
      },
      "4": {
        "name": "_defineProperty",
        "decl": {
          "start": { "line": 20, "column": 9 },
          "end": { "line": 20, "column": 24 }
        },
        "loc": {
          "start": { "line": 20, "column": 42 },
          "end": { "line": 20, "column": 209 }
        },
        "line": 20
      }
    },
    "branchMap": {
      "0": {
        "loc": {
          "start": { "line": 16, "column": 46 },
          "end": { "line": 16, "column": 92 }
        },
        "type": "cond-expr",
        "locations": [
          {
            "start": { "line": 16, "column": 70 },
            "end": { "line": 16, "column": 73 }
          },
          {
            "start": { "line": 16, "column": 76 },
            "end": { "line": 16, "column": 92 }
          }
        ],
        "line": 16
      },
      "1": {
        "loc": {
          "start": { "line": 16, "column": 46 },
          "end": { "line": 16, "column": 67 }
        },
        "type": "binary-expr",
        "locations": [
          {
            "start": { "line": 16, "column": 46 },
            "end": { "line": 16, "column": 49 }
          },
          {
            "start": { "line": 16, "column": 53 },
            "end": { "line": 16, "column": 67 }
          }
        ],
        "line": 16
      },
      "2": {
        "loc": {
          "start": { "line": 18, "column": 91 },
          "end": { "line": 18, "column": 131 }
        },
        "type": "cond-expr",
        "locations": [
          {
            "start": { "line": 18, "column": 114 },
            "end": { "line": 18, "column": 126 }
          },
          {
            "start": { "line": 18, "column": 129 },
            "end": { "line": 18, "column": 131 }
          }
        ],
        "line": 18
      },
      "3": {
        "loc": {
          "start": { "line": 18, "column": 168 },
          "end": { "line": 18, "column": 382 }
        },
        "type": "if",
        "locations": [
          {
            "start": { "line": 18, "column": 168 },
            "end": { "line": 18, "column": 382 }
          },
          {
            "start": { "line": 18, "column": 168 },
            "end": { "line": 18, "column": 382 }
          }
        ],
        "line": 18
      },
      "4": {
        "loc": {
          "start": { "line": 20, "column": 44 },
          "end": { "line": 20, "column": 195 }
        },
        "type": "if",
        "locations": [
          {
            "start": { "line": 20, "column": 44 },
            "end": { "line": 20, "column": 195 }
          },
          {
            "start": { "line": 20, "column": 44 },
            "end": { "line": 20, "column": 195 }
          }
        ],
        "line": 20
      }
    },
    "s": {
      "0": 1,
      "1": 1,
      "2": 1,
      "3": 1,
      "4": 1,
      "5": 1,
      "6": 3,
      "7": 1,
      "8": 3,
      "9": 3,
      "10": 3,
      "11": 3,
      "12": 0,
      "13": 3,
      "14": 8,
      "15": 1,
      "16": 8,
      "17": 0,
      "18": 8,
      "19": 8,
      "20": 1,
      "21": 1
    },
    "f": { "0": 3, "1": 1, "2": 0, "3": 8, "4": 8 },
    "b": { "0": [3, 0], "1": [3, 3], "2": [3, 0], "3": [3, 0], "4": [0, 8] },
    "_coverageSchema": "332fd63041d2c1bcb487cc26dd0d5f7d97098a6c",
    "hash": "7eb9f640a6b94dd51c7853e5580f3b653de1abd6"
  },
  "/Users/Bacon/MathLib/lib/lib.js": {
    "path": "/Users/Bacon/MathLib/lib/lib.js",
    "statementMap": {
      "0": {
        "start": { "line": 3, "column": 0 },
        "end": { "line": 5, "column": 3 }
      },
      "1": {
        "start": { "line": 6, "column": 0 },
        "end": { "line": 6, "column": 106 }
      },
      "2": {
        "start": { "line": 8, "column": 14 },
        "end": { "line": 18, "column": 1 }
      },
      "3": {
        "start": { "line": 9, "column": 2 },
        "end": { "line": 11, "column": 3 }
      },
      "4": {
        "start": { "line": 10, "column": 4 },
        "end": { "line": 10, "column": 32 }
      },
      "5": {
        "start": { "line": 13, "column": 2 },
        "end": { "line": 17, "column": 4 }
      },
      "6": {
        "start": { "line": 14, "column": 4 },
        "end": { "line": 16, "column": 14 }
      },
      "7": {
        "start": { "line": 15, "column": 6 },
        "end": { "line": 15, "column": 22 }
      },
      "8": {
        "start": { "line": 20, "column": 0 },
        "end": { "line": 20, "column": 26 }
      },
      "9": {
        "start": { "line": 22, "column": 15 },
        "end": { "line": 24, "column": 1 }
      },
      "10": {
        "start": { "line": 23, "column": 2 },
        "end": { "line": 23, "column": 62 }
      },
      "11": {
        "start": { "line": 26, "column": 0 },
        "end": { "line": 26, "column": 28 }
      },
      "12": {
        "start": { "line": 28, "column": 15 },
        "end": { "line": 30, "column": 1 }
      },
      "13": {
        "start": { "line": 29, "column": 2 },
        "end": { "line": 29, "column": 58 }
      },
      "14": {
        "start": { "line": 32, "column": 0 },
        "end": { "line": 32, "column": 28 }
      },
      "15": {
        "start": { "line": 34, "column": 16 },
        "end": { "line": 36, "column": 1 }
      },
      "16": {
        "start": { "line": 35, "column": 2 },
        "end": { "line": 35, "column": 32 }
      },
      "17": {
        "start": { "line": 38, "column": 0 },
        "end": { "line": 38, "column": 30 }
      },
      "18": {
        "start": { "line": 40, "column": 19 },
        "end": { "line": 46, "column": 1 }
      },
      "19": {
        "start": { "line": 41, "column": 2 },
        "end": { "line": 45, "column": 10 }
      },
      "20": {
        "start": { "line": 42, "column": 4 },
        "end": { "line": 42, "column": 25 }
      },
      "21": {
        "start": { "line": 44, "column": 4 },
        "end": { "line": 44, "column": 25 }
      },
      "22": {
        "start": { "line": 48, "column": 0 },
        "end": { "line": 48, "column": 36 }
      }
    },
    "fnMap": {
      "0": {
        "name": "compose",
        "decl": {
          "start": { "line": 8, "column": 23 },
          "end": { "line": 8, "column": 30 }
        },
        "loc": {
          "start": { "line": 8, "column": 33 },
          "end": { "line": 18, "column": 1 }
        },
        "line": 8
      },
      "1": {
        "name": "(anonymous_1)",
        "decl": {
          "start": { "line": 13, "column": 9 },
          "end": { "line": 13, "column": 10 }
        },
        "loc": {
          "start": { "line": 13, "column": 26 },
          "end": { "line": 17, "column": 3 }
        },
        "line": 13
      },
      "2": {
        "name": "(anonymous_2)",
        "decl": {
          "start": { "line": 14, "column": 41 },
          "end": { "line": 14, "column": 42 }
        },
        "loc": {
          "start": { "line": 14, "column": 61 },
          "end": { "line": 16, "column": 5 }
        },
        "line": 14
      },
      "3": {
        "name": "toNumber",
        "decl": {
          "start": { "line": 22, "column": 24 },
          "end": { "line": 22, "column": 32 }
        },
        "loc": {
          "start": { "line": 22, "column": 38 },
          "end": { "line": 24, "column": 1 }
        },
        "line": 22
      },
      "4": {
        "name": "isNumber",
        "decl": {
          "start": { "line": 28, "column": 24 },
          "end": { "line": 28, "column": 32 }
        },
        "loc": {
          "start": { "line": 28, "column": 38 },
          "end": { "line": 30, "column": 1 }
        },
        "line": 28
      },
      "5": {
        "name": "overLimit",
        "decl": {
          "start": { "line": 34, "column": 25 },
          "end": { "line": 34, "column": 34 }
        },
        "loc": {
          "start": { "line": 34, "column": 47 },
          "end": { "line": 36, "column": 1 }
        },
        "line": 34
      },
      "6": {
        "name": "filterNumber",
        "decl": {
          "start": { "line": 40, "column": 28 },
          "end": { "line": 40, "column": 40 }
        },
        "loc": {
          "start": { "line": 40, "column": 50 },
          "end": { "line": 46, "column": 1 }
        },
        "line": 40
      },
      "7": {
        "name": "(anonymous_7)",
        "decl": {
          "start": { "line": 41, "column": 49 },
          "end": { "line": 41, "column": 50 }
        },
        "loc": {
          "start": { "line": 41, "column": 64 },
          "end": { "line": 43, "column": 3 }
        },
        "line": 41
      },
      "8": {
        "name": "(anonymous_8)",
        "decl": {
          "start": { "line": 43, "column": 9 },
          "end": { "line": 43, "column": 10 }
        },
        "loc": {
          "start": { "line": 43, "column": 24 },
          "end": { "line": 45, "column": 3 }
        },
        "line": 43
      }
    },
    "branchMap": {
      "0": {
        "loc": {
          "start": { "line": 23, "column": 9 },
          "end": { "line": 23, "column": 61 }
        },
        "type": "cond-expr",
        "locations": [
          {
            "start": { "line": 23, "column": 40 },
            "end": { "line": 23, "column": 55 }
          },
          {
            "start": { "line": 23, "column": 58 },
            "end": { "line": 23, "column": 61 }
          }
        ],
        "line": 23
      },
      "1": {
        "loc": {
          "start": { "line": 29, "column": 9 },
          "end": { "line": 29, "column": 57 }
        },
        "type": "binary-expr",
        "locations": [
          {
            "start": { "line": 29, "column": 9 },
            "end": { "line": 29, "column": 30 }
          },
          {
            "start": { "line": 29, "column": 34 },
            "end": { "line": 29, "column": 57 }
          }
        ],
        "line": 29
      },
      "2": {
        "loc": {
          "start": { "line": 41, "column": 9 },
          "end": { "line": 45, "column": 9 }
        },
        "type": "cond-expr",
        "locations": [
          {
            "start": { "line": 41, "column": 34 },
            "end": { "line": 45, "column": 4 }
          },
          {
            "start": { "line": 45, "column": 7 },
            "end": { "line": 45, "column": 9 }
          }
        ],
        "line": 41
      }
    },
    "s": {
      "0": 1,
      "1": 1,
      "2": 1,
      "3": 4,
      "4": 8,
      "5": 4,
      "6": 4,
      "7": 8,
      "8": 1,
      "9": 1,
      "10": 741,
      "11": 1,
      "12": 1,
      "13": 325,
      "14": 1,
      "15": 1,
      "16": 4,
      "17": 1,
      "18": 1,
      "19": 22,
      "20": 84,
      "21": 66,
      "22": 1
    },
    "f": {
      "0": 4,
      "1": 4,
      "2": 8,
      "3": 741,
      "4": 325,
      "5": 4,
      "6": 22,
      "7": 84,
      "8": 66
    },
    "b": { "0": [693, 48], "1": [325, 282], "2": [21, 1] },
    "_coverageSchema": "332fd63041d2c1bcb487cc26dd0d5f7d97098a6c",
    "hash": "6a80d4fc9e4a190c4bb55dbbcbe62b03c380e3a0"
  },
  "/Users/Bacon/MathLib/lib/special.js": {
    "path": "/Users/Bacon/MathLib/lib/special.js",
    "statementMap": {
      "0": {
        "start": { "line": 3, "column": 0 },
        "end": { "line": 5, "column": 3 }
      },
      "1": {
        "start": { "line": 6, "column": 0 },
        "end": { "line": 6, "column": 25 }
      },
      "2": {
        "start": { "line": 8, "column": 11 },
        "end": { "line": 8, "column": 27 }
      },
      "3": {
        "start": { "line": 10, "column": 17 },
        "end": { "line": 10, "column": 63 }
      },
      "4": {
        "start": { "line": 12, "column": 39 },
        "end": { "line": 12, "column": 93 }
      },
      "5": {
        "start": { "line": 14, "column": 15 },
        "end": { "line": 14, "column": 42 }
      },
      "6": {
        "start": { "line": 15, "column": 12 },
        "end": { "line": 15, "column": 36 }
      },
      "7": {
        "start": { "line": 16, "column": 13 },
        "end": { "line": 16, "column": 38 }
      },
      "8": {
        "start": { "line": 17, "column": 10 },
        "end": { "line": 17, "column": 32 }
      },
      "9": {
        "start": { "line": 18, "column": 10 },
        "end": { "line": 18, "column": 32 }
      },
      "10": {
        "start": { "line": 23, "column": 14 },
        "end": { "line": 42, "column": 1 }
      },
      "11": {
        "start": { "line": 25, "column": 15 },
        "end": { "line": 25, "column": 42 }
      },
      "12": {
        "start": { "line": 26, "column": 17 },
        "end": { "line": 26, "column": 26 }
      },
      "13": {
        "start": { "line": 27, "column": 17 },
        "end": { "line": 27, "column": 26 }
      },
      "14": {
        "start": { "line": 29, "column": 4 },
        "end": { "line": 40, "column": 5 }
      },
      "15": {
        "start": { "line": 30, "column": 21 },
        "end": { "line": 30, "column": 74 }
      },
      "16": {
        "start": { "line": 31, "column": 6 },
        "end": { "line": 34, "column": 8 }
      },
      "17": {
        "start": { "line": 36, "column": 6 },
        "end": { "line": 39, "column": 8 }
      },
      "18": {
        "start": { "line": 47, "column": 13 },
        "end": { "line": 69, "column": 1 }
      },
      "19": {
        "start": { "line": 49, "column": 19 },
        "end": { "line": 49, "column": 89 }
      },
      "20": {
        "start": { "line": 50, "column": 16 },
        "end": { "line": 50, "column": 47 }
      },
      "21": {
        "start": { "line": 51, "column": 15 },
        "end": { "line": 51, "column": 34 }
      },
      "22": {
        "start": { "line": 53, "column": 4 },
        "end": { "line": 67, "column": 5 }
      },
      "23": {
        "start": { "line": 54, "column": 6 },
        "end": { "line": 54, "column": 17 }
      },
      "24": {
        "start": { "line": 55, "column": 11 },
        "end": { "line": 67, "column": 5 }
      },
      "25": {
        "start": { "line": 56, "column": 6 },
        "end": { "line": 56, "column": 55 }
      },
      "26": {
        "start": { "line": 57, "column": 11 },
        "end": { "line": 67, "column": 5 }
      },
      "27": {
        "start": { "line": 58, "column": 6 },
        "end": { "line": 58, "column": 47 }
      },
      "28": {
        "start": { "line": 59, "column": 11 },
        "end": { "line": 67, "column": 5 }
      },
      "29": {
        "start": { "line": 60, "column": 6 },
        "end": { "line": 60, "column": 40 }
      },
      "30": {
        "start": { "line": 61, "column": 11 },
        "end": { "line": 67, "column": 5 }
      },
      "31": {
        "start": { "line": 62, "column": 6 },
        "end": { "line": 62, "column": 38 }
      },
      "32": {
        "start": { "line": 63, "column": 11 },
        "end": { "line": 67, "column": 5 }
      },
      "33": {
        "start": { "line": 64, "column": 6 },
        "end": { "line": 64, "column": 48 }
      },
      "34": {
        "start": { "line": 66, "column": 6 },
        "end": { "line": 66, "column": 48 }
      },
      "35": {
        "start": { "line": 70, "column": 14 },
        "end": { "line": 73, "column": 1 }
      },
      "36": {
        "start": { "line": 74, "column": 15 },
        "end": { "line": 74, "column": 22 }
      },
      "37": {
        "start": { "line": 75, "column": 0 },
        "end": { "line": 75, "column": 27 }
      }
    },
    "fnMap": {
      "0": {
        "name": "_interopRequireDefault",
        "decl": {
          "start": { "line": 12, "column": 9 },
          "end": { "line": 12, "column": 31 }
        },
        "loc": {
          "start": { "line": 12, "column": 37 },
          "end": { "line": 12, "column": 95 }
        },
        "line": 12
      },
      "1": {
        "name": "getMinMax",
        "decl": {
          "start": { "line": 24, "column": 22 },
          "end": { "line": 24, "column": 31 }
        },
        "loc": {
          "start": { "line": 24, "column": 37 },
          "end": { "line": 41, "column": 3 }
        },
        "line": 24
      },
      "2": {
        "name": "factor",
        "decl": {
          "start": { "line": 48, "column": 19 },
          "end": { "line": 48, "column": 25 }
        },
        "loc": {
          "start": { "line": 48, "column": 32 },
          "end": { "line": 68, "column": 3 }
        },
        "line": 48
      }
    },
    "branchMap": {
      "0": {
        "loc": {
          "start": { "line": 12, "column": 46 },
          "end": { "line": 12, "column": 92 }
        },
        "type": "cond-expr",
        "locations": [
          {
            "start": { "line": 12, "column": 70 },
            "end": { "line": 12, "column": 73 }
          },
          {
            "start": { "line": 12, "column": 76 },
            "end": { "line": 12, "column": 92 }
          }
        ],
        "line": 12
      },
      "1": {
        "loc": {
          "start": { "line": 12, "column": 46 },
          "end": { "line": 12, "column": 67 }
        },
        "type": "binary-expr",
        "locations": [
          {
            "start": { "line": 12, "column": 46 },
            "end": { "line": 12, "column": 49 }
          },
          {
            "start": { "line": 12, "column": 53 },
            "end": { "line": 12, "column": 67 }
          }
        ],
        "line": 12
      },
      "2": {
        "loc": {
          "start": { "line": 29, "column": 4 },
          "end": { "line": 40, "column": 5 }
        },
        "type": "if",
        "locations": [
          {
            "start": { "line": 29, "column": 4 },
            "end": { "line": 40, "column": 5 }
          },
          {
            "start": { "line": 29, "column": 4 },
            "end": { "line": 40, "column": 5 }
          }
        ],
        "line": 29
      },
      "3": {
        "loc": {
          "start": { "line": 29, "column": 8 },
          "end": { "line": 29, "column": 64 }
        },
        "type": "binary-expr",
        "locations": [
          {
            "start": { "line": 29, "column": 8 },
            "end": { "line": 29, "column": 34 }
          },
          {
            "start": { "line": 29, "column": 38 },
            "end": { "line": 29, "column": 64 }
          }
        ],
        "line": 29
      },
      "4": {
        "loc": {
          "start": { "line": 49, "column": 19 },
          "end": { "line": 49, "column": 89 }
        },
        "type": "cond-expr",
        "locations": [
          {
            "start": { "line": 49, "column": 72 },
            "end": { "line": 49, "column": 84 }
          },
          {
            "start": { "line": 49, "column": 87 },
            "end": { "line": 49, "column": 89 }
          }
        ],
        "line": 49
      },
      "5": {
        "loc": {
          "start": { "line": 49, "column": 19 },
          "end": { "line": 49, "column": 69 }
        },
        "type": "binary-expr",
        "locations": [
          {
            "start": { "line": 49, "column": 19 },
            "end": { "line": 49, "column": 39 }
          },
          {
            "start": { "line": 49, "column": 43 },
            "end": { "line": 49, "column": 69 }
          }
        ],
        "line": 49
      },
      "6": {
        "loc": {
          "start": { "line": 53, "column": 4 },
          "end": { "line": 67, "column": 5 }
        },
        "type": "if",
        "locations": [
          {
            "start": { "line": 53, "column": 4 },
            "end": { "line": 67, "column": 5 }
          },
          {
            "start": { "line": 53, "column": 4 },
            "end": { "line": 67, "column": 5 }
          }
        ],
        "line": 53
      },
      "7": {
        "loc": {
          "start": { "line": 55, "column": 11 },
          "end": { "line": 67, "column": 5 }
        },
        "type": "if",
        "locations": [
          {
            "start": { "line": 55, "column": 11 },
            "end": { "line": 67, "column": 5 }
          },
          {
            "start": { "line": 55, "column": 11 },
            "end": { "line": 67, "column": 5 }
          }
        ],
        "line": 55
      },
      "8": {
        "loc": {
          "start": { "line": 57, "column": 11 },
          "end": { "line": 67, "column": 5 }
        },
        "type": "if",
        "locations": [
          {
            "start": { "line": 57, "column": 11 },
            "end": { "line": 67, "column": 5 }
          },
          {
            "start": { "line": 57, "column": 11 },
            "end": { "line": 67, "column": 5 }
          }
        ],
        "line": 57
      },
      "9": {
        "loc": {
          "start": { "line": 59, "column": 11 },
          "end": { "line": 67, "column": 5 }
        },
        "type": "if",
        "locations": [
          {
            "start": { "line": 59, "column": 11 },
            "end": { "line": 67, "column": 5 }
          },
          {
            "start": { "line": 59, "column": 11 },
            "end": { "line": 67, "column": 5 }
          }
        ],
        "line": 59
      },
      "10": {
        "loc": {
          "start": { "line": 61, "column": 11 },
          "end": { "line": 67, "column": 5 }
        },
        "type": "if",
        "locations": [
          {
            "start": { "line": 61, "column": 11 },
            "end": { "line": 67, "column": 5 }
          },
          {
            "start": { "line": 61, "column": 11 },
            "end": { "line": 67, "column": 5 }
          }
        ],
        "line": 61
      },
      "11": {
        "loc": {
          "start": { "line": 63, "column": 11 },
          "end": { "line": 67, "column": 5 }
        },
        "type": "if",
        "locations": [
          {
            "start": { "line": 63, "column": 11 },
            "end": { "line": 67, "column": 5 }
          },
          {
            "start": { "line": 63, "column": 11 },
            "end": { "line": 67, "column": 5 }
          }
        ],
        "line": 63
      }
    },
    "s": {
      "0": 1,
      "1": 1,
      "2": 1,
      "3": 1,
      "4": 1,
      "5": 1,
      "6": 1,
      "7": 1,
      "8": 1,
      "9": 1,
      "10": 1,
      "11": 6,
      "12": 6,
      "13": 6,
      "14": 6,
      "15": 5,
      "16": 5,
      "17": 1,
      "18": 1,
      "19": 19,
      "20": 19,
      "21": 19,
      "22": 19,
      "23": 1,
      "24": 18,
      "25": 3,
      "26": 15,
      "27": 3,
      "28": 12,
      "29": 2,
      "30": 10,
      "31": 3,
      "32": 7,
      "33": 3,
      "34": 4,
      "35": 1,
      "36": 1,
      "37": 1
    },
    "f": { "0": 1, "1": 6, "2": 19 },
    "b": {
      "0": [1, 0],
      "1": [1, 1],
      "2": [5, 1],
      "3": [6, 5],
      "4": [18, 1],
      "5": [19, 18],
      "6": [1, 18],
      "7": [3, 15],
      "8": [3, 12],
      "9": [2, 10],
      "10": [3, 7],
      "11": [3, 4]
    },
    "_coverageSchema": "332fd63041d2c1bcb487cc26dd0d5f7d97098a6c",
    "hash": "c8ba85ed37d459eb29414910a7c61a01b57a42d6"
  }
}
