TN:
SF:/Users/Bacon/MathLib/lib/calculate.js
FN:10,_toConsumableArray
FN:12,_nonIterableSpread
FN:14,_iterableToArray
FN:16,_arrayWithoutHoles
FN:18,add
FN:22,minus
FN:26,multiply
FN:30,divide
FN:34,abs
FN:38,sqrt
FN:42,percent
FN:43,(anonymous_11)
FN:45,(anonymous_12)
FN:55,sum
FN:56,(anonymous_14)
FN:57,(anonymous_15)
FN:60,(anonymous_16)
FN:65,average
FN:66,(anonymous_18)
FN:68,(anonymous_19)
FN:73,monthOnMonth
FN:74,(anonymous_21)
FN:76,(anonymous_22)
FN:86,max
FN:87,(anonymous_24)
FN:89,(anonymous_25)
FN:94,min
FN:95,(anonymous_27)
FN:97,(anonymous_28)
FNF:29
FNH:27
FNDA:2,_toConsumableArray
FNDA:0,_nonIterableSpread
FNDA:0,_iterableToArray
FNDA:2,_arrayWithoutHoles
FNDA:2,add
FNDA:5,minus
FNDA:5,multiply
FNDA:8,divide
FNDA:8,abs
FNDA:2,sqrt
FNDA:7,percent
FNDA:3,(anonymous_11)
FNDA:3,(anonymous_12)
FNDA:4,sum
FNDA:4,(anonymous_14)
FNDA:4,(anonymous_15)
FNDA:4,(anonymous_16)
FNDA:2,average
FNDA:2,(anonymous_18)
FNDA:2,(anonymous_19)
FNDA:3,monthOnMonth
FNDA:3,(anonymous_21)
FNDA:3,(anonymous_22)
FNDA:2,max
FNDA:2,(anonymous_24)
FNDA:2,(anonymous_25)
FNDA:2,min
FNDA:2,(anonymous_27)
FNDA:2,(anonymous_28)
DA:3,1
DA:6,1
DA:8,1
DA:10,2
DA:12,0
DA:14,0
DA:16,4
DA:18,1
DA:19,2
DA:22,1
DA:23,5
DA:26,1
DA:27,5
DA:30,1
DA:31,8
DA:34,1
DA:35,8
DA:38,1
DA:39,2
DA:42,1
DA:43,7
DA:44,3
DA:46,3
DA:47,3
DA:48,3
DA:55,1
DA:56,4
DA:57,4
DA:58,4
DA:61,4
DA:65,1
DA:66,2
DA:67,2
DA:69,2
DA:73,1
DA:74,3
DA:75,3
DA:77,3
DA:78,3
DA:79,3
DA:86,1
DA:87,2
DA:88,2
DA:90,2
DA:94,1
DA:95,2
DA:96,2
DA:98,2
DA:102,1
DA:116,1
LF:50
LH:48
BRDA:10,0,0,2
BRDA:10,0,1,0
BRDA:10,0,2,0
BRDA:14,1,0,0
BRDA:14,1,1,0
BRDA:14,2,0,0
BRDA:14,2,1,0
BRDA:16,3,0,2
BRDA:16,3,1,0
BRDA:19,4,0,1
BRDA:19,4,1,1
BRDA:19,5,0,2
BRDA:19,5,1,2
BRDA:23,6,0,3
BRDA:23,6,1,2
BRDA:23,7,0,5
BRDA:23,7,1,5
BRDA:27,8,0,4
BRDA:27,8,1,1
BRDA:27,9,0,5
BRDA:27,9,1,5
BRDA:31,10,0,5
BRDA:31,10,1,3
BRDA:31,11,0,8
BRDA:31,11,1,7
BRDA:31,11,2,6
BRDA:35,12,0,6
BRDA:35,12,1,2
BRDA:39,13,0,1
BRDA:39,13,1,1
BRDA:39,14,0,2
BRDA:39,14,1,1
BRDA:43,15,0,3
BRDA:43,15,1,4
BRDA:43,16,0,7
BRDA:43,16,1,6
BRDA:43,16,2,5
BRDA:57,17,0,2
BRDA:57,17,1,2
BRDA:66,18,0,2
BRDA:66,18,1,0
BRDA:66,19,0,2
BRDA:66,19,1,2
BRDA:88,20,0,1
BRDA:88,20,1,1
BRDA:96,21,0,1
BRDA:96,21,1,1
BRF:47
BRH:39
end_of_record
TN:
SF:/Users/Bacon/MathLib/lib/display.js
FN:12,_interopRequireDefault
FN:14,_slicedToArray
FN:16,_nonIterableRest
FN:18,_iterableToArrayLimit
FN:20,_arrayWithHoles
FN:24,display
FN:30,(anonymous_6)
FN:60,localeDisplay
FN:67,(anonymous_8)
FNF:9
FNH:7
FNDA:1,_interopRequireDefault
FNDA:11,_slicedToArray
FNDA:0,_nonIterableRest
FNDA:0,_iterableToArrayLimit
FNDA:11,_arrayWithHoles
FNDA:11,display
FNDA:33,(anonymous_6)
FNDA:3,localeDisplay
FNDA:20,(anonymous_8)
DA:3,1
DA:6,1
DA:8,1
DA:10,1
DA:12,1
DA:14,11
DA:16,0
DA:18,0
DA:20,11
DA:22,1
DA:24,1
DA:25,11
DA:26,11
DA:28,11
DA:31,33
DA:33,11
DA:34,11
DA:35,11
DA:36,11
DA:38,11
DA:40,11
DA:41,10
DA:42,7
DA:43,4
DA:44,3
DA:45,2
DA:46,2
DA:48,1
DA:50,1
DA:53,3
DA:56,1
DA:60,1
DA:61,3
DA:62,3
DA:64,3
DA:65,2
DA:66,2
DA:67,2
DA:68,20
DA:70,20
DA:71,6
DA:74,20
DA:76,2
DA:78,1
DA:82,1
DA:86,1
LF:46
LH:44
BRDA:12,0,0,1
BRDA:12,0,1,0
BRDA:12,1,0,1
BRDA:12,1,1,1
BRDA:14,2,0,11
BRDA:14,2,1,0
BRDA:14,2,2,0
BRDA:18,3,0,0
BRDA:18,3,1,0
BRDA:18,4,0,0
BRDA:18,4,1,0
BRDA:18,5,0,0
BRDA:18,5,1,0
BRDA:18,6,0,0
BRDA:18,6,1,0
BRDA:18,7,0,0
BRDA:18,7,1,0
BRDA:20,8,0,11
BRDA:20,8,1,0
BRDA:25,9,0,10
BRDA:25,9,1,1
BRDA:25,10,0,11
BRDA:25,10,1,10
BRDA:26,11,0,9
BRDA:26,11,1,2
BRDA:26,12,0,11
BRDA:26,12,1,9
BRDA:28,13,0,0
BRDA:28,13,1,11
BRDA:40,14,0,10
BRDA:40,14,1,1
BRDA:41,15,0,7
BRDA:41,15,1,3
BRDA:42,16,0,4
BRDA:42,16,1,3
BRDA:44,17,0,2
BRDA:44,17,1,1
BRDA:46,18,0,0
BRDA:46,18,1,2
BRDA:50,19,0,0
BRDA:50,19,1,1
BRDA:61,20,0,2
BRDA:61,20,1,1
BRDA:61,21,0,3
BRDA:61,21,1,2
BRDA:64,22,0,2
BRDA:64,22,1,1
BRDA:70,23,0,6
BRDA:70,23,1,14
BRDA:70,24,0,20
BRDA:70,24,1,6
BRDA:76,25,0,0
BRDA:76,25,1,2
BRF:53
BRH:35
end_of_record
TN:
SF:/Users/Bacon/MathLib/lib/index.js
FN:14,_interopRequireDefault
FN:16,_objectSpread
FN:16,(anonymous_2)
FN:16,(anonymous_3)
FN:18,_defineProperty
FNF:5
FNH:4
FNDA:2,_interopRequireDefault
FNDA:1,_objectSpread
FNDA:0,(anonymous_2)
FNDA:18,(anonymous_3)
FNDA:18,_defineProperty
DA:3,1
DA:6,1
DA:8,1
DA:10,1
DA:12,1
DA:14,2
DA:16,18
DA:18,18
DA:20,1
DA:27,1
LF:10
LH:10
BRDA:14,0,0,2
BRDA:14,0,1,0
BRDA:14,1,0,2
BRDA:14,1,1,2
BRDA:16,2,0,3
BRDA:16,2,1,0
BRDA:16,3,0,3
BRDA:16,3,1,0
BRDA:18,4,0,0
BRDA:18,4,1,18
BRF:10
BRH:6
end_of_record
TN:
SF:/Users/Bacon/MathLib/lib/lib.js
FN:8,compose
FN:13,(anonymous_1)
FN:14,(anonymous_2)
FN:22,toNumber
FN:28,isNumber
FN:34,overLimit
FN:40,filterNumber
FN:41,(anonymous_7)
FN:43,(anonymous_8)
FNF:9
FNH:9
FNDA:16,compose
FNDA:16,(anonymous_1)
FNDA:32,(anonymous_2)
FNDA:257,toNumber
FNDA:113,isNumber
FNDA:3,overLimit
FNDA:10,filterNumber
FNDA:31,(anonymous_7)
FNDA:12,(anonymous_8)
DA:3,1
DA:6,1
DA:8,1
DA:9,16
DA:10,32
DA:13,16
DA:14,16
DA:15,32
DA:20,1
DA:22,1
DA:23,257
DA:26,1
DA:28,1
DA:29,113
DA:32,1
DA:34,1
DA:35,3
DA:38,1
DA:40,1
DA:41,10
DA:42,31
DA:44,12
DA:48,1
LF:23
LH:23
BRDA:23,0,0,216
BRDA:23,0,1,41
BRDA:29,1,0,113
BRDA:29,1,1,77
BRDA:41,2,0,9
BRDA:41,2,1,1
BRF:6
BRH:6
end_of_record
