TN:
SF:/Users/Bacon/MathLib/index.js
FNF:0
FNH:0
DA:1,1
DA:3,1
LF:2
LH:2
BRF:0
BRH:0
end_of_record
TN:
SF:/Users/Bacon/MathLib/lib/calculate.js
FN:12,_toConsumableArray
FN:14,_nonIterableSpread
FN:16,_iterableToArray
FN:18,_arrayWithoutHoles
FN:20,_classCallCheck
FN:22,_defineProperties
FN:24,_createClass
FN:26,_applyDecoratedDescriptor
FN:26,(anonymous_8)
FN:26,(anonymous_9)
FN:28,checkArgs
FN:34,value
FN:39,(anonymous_12)
FN:50,checkDivideArgs
FN:56,value
FN:70,filterNums
FN:76,value
FN:81,(anonymous_17)
FN:94,(anonymous_18)
FN:95,Calculate
FN:101,add
FN:106,minus
FN:111,multiply
FN:116,divide
FN:121,abs
FN:126,sqrt
FN:131,percent
FN:132,(anonymous_27)
FN:134,(anonymous_28)
FN:145,monthOnMonth
FN:146,(anonymous_30)
FN:148,(anonymous_31)
FN:159,sum
FN:160,(anonymous_33)
FN:166,average
FN:167,(anonymous_35)
FN:169,(anonymous_36)
FN:170,(anonymous_37)
FN:177,max
FN:182,min
FNF:40
FNH:38
FNDA:12,_toConsumableArray
FNDA:0,_nonIterableSpread
FNDA:0,_iterableToArray
FNDA:12,_arrayWithoutHoles
FNDA:1,_classCallCheck
FNDA:1,_defineProperties
FNDA:1,_createClass
FNDA:12,_applyDecoratedDescriptor
FNDA:48,(anonymous_8)
FNDA:15,(anonymous_9)
FNDA:8,checkArgs
FNDA:73,value
FNDA:138,(anonymous_12)
FNDA:3,checkDivideArgs
FNDA:28,value
FNDA:4,filterNums
FNDA:20,value
FNDA:22,(anonymous_17)
FNDA:1,(anonymous_18)
FNDA:1,Calculate
FNDA:1,add
FNDA:20,minus
FNDA:19,multiply
FNDA:19,divide
FNDA:4,abs
FNDA:1,sqrt
FNDA:2,percent
FNDA:2,(anonymous_27)
FNDA:2,(anonymous_28)
FNDA:1,monthOnMonth
FNDA:1,(anonymous_30)
FNDA:1,(anonymous_31)
FNDA:1,sum
FNDA:2,(anonymous_33)
FNDA:1,average
FNDA:1,(anonymous_35)
FNDA:1,(anonymous_36)
FNDA:2,(anonymous_37)
FNDA:6,max
FNDA:6,min
DA:3,1
DA:6,1
DA:8,1
DA:12,12
DA:14,0
DA:16,0
DA:18,40
DA:20,1
DA:22,12
DA:24,1
DA:26,48
DA:28,1
DA:29,8
DA:30,8
DA:35,73
DA:36,139
DA:39,73
DA:40,138
DA:42,6
DA:45,67
DA:50,1
DA:51,3
DA:52,3
DA:57,28
DA:58,56
DA:61,28
DA:62,6
DA:65,22
DA:70,1
DA:71,4
DA:72,4
DA:77,20
DA:78,20
DA:81,20
DA:82,22
DA:84,6
DA:87,14
DA:92,1
DA:96,1
DA:99,1
DA:102,1
DA:107,20
DA:112,19
DA:117,19
DA:122,4
DA:127,1
DA:132,2
DA:133,2
DA:135,2
DA:136,2
DA:137,2
DA:146,1
DA:147,1
DA:149,1
DA:150,1
DA:151,1
DA:160,1
DA:161,2
DA:167,1
DA:168,1
DA:170,1
DA:171,2
DA:178,6
DA:183,6
DA:187,1
DA:190,1
DA:192,1
LF:67
LH:65
BRDA:12,0,0,12
BRDA:12,0,1,0
BRDA:12,0,2,0
BRDA:16,1,0,0
BRDA:16,1,1,0
BRDA:16,2,0,0
BRDA:16,2,1,0
BRDA:18,3,0,12
BRDA:18,3,1,0
BRDA:20,4,0,0
BRDA:20,4,1,1
BRDA:22,5,0,12
BRDA:22,5,1,12
BRDA:22,6,0,12
BRDA:22,6,1,0
BRDA:24,7,0,1
BRDA:24,7,1,0
BRDA:24,8,0,0
BRDA:24,8,1,1
BRDA:26,9,0,12
BRDA:26,9,1,0
BRDA:26,10,0,12
BRDA:26,10,1,0
BRDA:26,11,0,15
BRDA:26,11,1,0
BRDA:26,12,0,0
BRDA:26,12,1,12
BRDA:26,13,0,12
BRDA:26,13,1,12
BRDA:26,14,0,0
BRDA:26,14,1,0
BRDA:26,15,0,12
BRDA:26,15,1,0
BRDA:39,16,0,6
BRDA:39,16,1,67
BRDA:61,17,0,6
BRDA:61,17,1,22
BRDA:61,18,0,28
BRDA:61,18,1,25
BRDA:81,19,0,6
BRDA:81,19,1,14
BRDA:81,20,0,20
BRDA:81,20,1,20
BRF:43
BRH:25
end_of_record
TN:
SF:/Users/Bacon/MathLib/lib/display.js
FN:12,_interopRequireDefault
FN:49,getFix
FN:53,(anonymous_2)
FN:59,(anonymous_3)
FN:65,getLabel
FN:66,(anonymous_5)
FN:78,display
FN:88,(anonymous_7)
FN:112,localeDisplay
FN:119,(anonymous_9)
FNF:10
FNH:9
FNDA:1,_interopRequireDefault
FNDA:14,getFix
FNDA:0,(anonymous_2)
FNDA:39,(anonymous_3)
FNDA:8,getLabel
FNDA:11,(anonymous_5)
FNDA:14,display
FNDA:13,(anonymous_7)
FNDA:3,localeDisplay
FNDA:20,(anonymous_9)
DA:3,1
DA:6,1
DA:8,1
DA:10,1
DA:12,1
DA:14,1
DA:38,1
DA:43,1
DA:49,1
DA:50,14
DA:51,0
DA:54,0
DA:57,14
DA:60,39
DA:65,1
DA:66,8
DA:67,11
DA:78,1
DA:79,14
DA:80,14
DA:81,14
DA:82,14
DA:83,14
DA:84,14
DA:86,14
DA:87,13
DA:88,10
DA:89,13
DA:91,10
DA:92,10
DA:93,10
DA:95,10
DA:97,10
DA:98,0
DA:99,0
DA:100,0
DA:102,10
DA:105,3
DA:108,1
DA:112,1
DA:113,3
DA:114,3
DA:116,3
DA:117,2
DA:118,2
DA:119,2
DA:120,20
DA:122,20
DA:123,6
DA:126,20
DA:128,2
DA:130,1
DA:134,1
DA:138,1
LF:54
LH:49
BRDA:12,0,0,1
BRDA:12,0,1,0
BRDA:12,1,0,1
BRDA:12,1,1,1
BRDA:50,2,0,0
BRDA:50,2,1,14
BRDA:51,3,0,0
BRDA:51,3,1,0
BRDA:54,4,0,0
BRDA:54,4,1,0
BRDA:79,5,0,13
BRDA:79,5,1,1
BRDA:79,6,0,14
BRDA:79,6,1,13
BRDA:80,7,0,12
BRDA:80,7,1,2
BRDA:80,8,0,14
BRDA:80,8,1,12
BRDA:81,9,0,3
BRDA:81,9,1,11
BRDA:81,10,0,14
BRDA:81,10,1,3
BRDA:82,11,0,12
BRDA:82,11,1,2
BRDA:86,12,0,13
BRDA:86,12,1,1
BRDA:87,13,0,10
BRDA:87,13,1,3
BRDA:91,14,0,8
BRDA:91,14,1,2
BRDA:92,15,0,8
BRDA:92,15,1,2
BRDA:93,16,0,8
BRDA:93,16,1,2
BRDA:97,17,0,0
BRDA:97,17,1,10
BRDA:97,18,0,10
BRDA:97,18,1,4
BRDA:113,19,0,2
BRDA:113,19,1,1
BRDA:113,20,0,3
BRDA:113,20,1,2
BRDA:116,21,0,2
BRDA:116,21,1,1
BRDA:122,22,0,6
BRDA:122,22,1,14
BRDA:122,23,0,20
BRDA:122,23,1,6
BRDA:128,24,0,0
BRDA:128,24,1,2
BRF:50
BRH:42
end_of_record
TN:
SF:/Users/Bacon/MathLib/lib/index.js
FN:16,_interopRequireDefault
FN:18,_objectSpread
FN:18,(anonymous_2)
FN:18,(anonymous_3)
FN:20,_defineProperty
FNF:5
FNH:4
FNDA:3,_interopRequireDefault
FNDA:1,_objectSpread
FNDA:0,(anonymous_2)
FNDA:8,(anonymous_3)
FNDA:8,_defineProperty
DA:3,1
DA:6,1
DA:8,1
DA:10,1
DA:12,1
DA:14,1
DA:16,3
DA:18,8
DA:20,8
DA:22,1
DA:43,1
LF:11
LH:11
BRDA:16,0,0,3
BRDA:16,0,1,0
BRDA:16,1,0,3
BRDA:16,1,1,3
BRDA:18,2,0,3
BRDA:18,2,1,0
BRDA:18,3,0,3
BRDA:18,3,1,0
BRDA:20,4,0,0
BRDA:20,4,1,8
BRF:10
BRH:6
end_of_record
TN:
SF:/Users/Bacon/MathLib/lib/lib.js
FN:8,compose
FN:13,(anonymous_1)
FN:14,(anonymous_2)
FN:22,toNumber
FN:28,isNumber
FN:34,overLimit
FN:40,filterNumber
FN:41,(anonymous_7)
FN:43,(anonymous_8)
FNF:9
FNH:9
FNDA:4,compose
FNDA:4,(anonymous_1)
FNDA:8,(anonymous_2)
FNDA:741,toNumber
FNDA:325,isNumber
FNDA:4,overLimit
FNDA:22,filterNumber
FNDA:84,(anonymous_7)
FNDA:66,(anonymous_8)
DA:3,1
DA:6,1
DA:8,1
DA:9,4
DA:10,8
DA:13,4
DA:14,4
DA:15,8
DA:20,1
DA:22,1
DA:23,741
DA:26,1
DA:28,1
DA:29,325
DA:32,1
DA:34,1
DA:35,4
DA:38,1
DA:40,1
DA:41,22
DA:42,84
DA:44,66
DA:48,1
LF:23
LH:23
BRDA:23,0,0,693
BRDA:23,0,1,48
BRDA:29,1,0,325
BRDA:29,1,1,282
BRDA:41,2,0,21
BRDA:41,2,1,1
BRF:6
BRH:6
end_of_record
TN:
SF:/Users/Bacon/MathLib/lib/special.js
FN:12,_interopRequireDefault
FN:24,getMinMax
FN:48,factor
FNF:3
FNH:3
FNDA:1,_interopRequireDefault
FNDA:6,getMinMax
FNDA:19,factor
DA:3,1
DA:6,1
DA:8,1
DA:10,1
DA:12,1
DA:14,1
DA:15,1
DA:16,1
DA:17,1
DA:18,1
DA:23,1
DA:25,6
DA:26,6
DA:27,6
DA:29,6
DA:30,5
DA:31,5
DA:36,1
DA:47,1
DA:49,19
DA:50,19
DA:51,19
DA:53,19
DA:54,1
DA:55,18
DA:56,3
DA:57,15
DA:58,3
DA:59,12
DA:60,2
DA:61,10
DA:62,3
DA:63,7
DA:64,3
DA:66,4
DA:70,1
DA:74,1
DA:75,1
LF:38
LH:38
BRDA:12,0,0,1
BRDA:12,0,1,0
BRDA:12,1,0,1
BRDA:12,1,1,1
BRDA:29,2,0,5
BRDA:29,2,1,1
BRDA:29,3,0,6
BRDA:29,3,1,5
BRDA:49,4,0,18
BRDA:49,4,1,1
BRDA:49,5,0,19
BRDA:49,5,1,18
BRDA:53,6,0,1
BRDA:53,6,1,18
BRDA:55,7,0,3
BRDA:55,7,1,15
BRDA:57,8,0,3
BRDA:57,8,1,12
BRDA:59,9,0,2
BRDA:59,9,1,10
BRDA:61,10,0,3
BRDA:61,10,1,7
BRDA:63,11,0,3
BRDA:63,11,1,4
BRF:24
BRH:23
end_of_record
